Warning: you requested the nanomsg event logger, but bmv2 was compiled without -DBMELOG, and the event logger cannot be activated
Calling target program-options parser
[17:06:32.419] [bmv2] [D] [thread 9419] Set default default entry for table 'tbl_repeater60': repeater60 - 
[17:06:32.420] [bmv2] [D] [thread 9419] Set default default entry for table 'tbl_repeater62': repeater62 - 
Adding interface s1-eth1 as port 1
[17:06:32.420] [bmv2] [D] [thread 9419] Adding interface s1-eth1 as port 1
Adding interface s1-eth2 as port 2
[17:06:32.445] [bmv2] [D] [thread 9419] Adding interface s1-eth2 as port 2
[17:06:32.473] [bmv2] [I] [thread 9419] Starting Thrift server on port 9090
[17:06:32.474] [bmv2] [I] [thread 9419] Thrift server was started
[17:06:32.724] [bmv2] [D] [thread 9425] [0.0] [cxt 0] Processing packet received on port 2
[17:06:32.724] [bmv2] [D] [thread 9425] [0.0] [cxt 0] Parser 'parser': start
[17:06:32.724] [bmv2] [D] [thread 9425] [0.0] [cxt 0] Parser 'parser' entering state 'start'
[17:06:32.724] [bmv2] [D] [thread 9425] [0.0] [cxt 0] Parser state 'start' has no switch, going to default next state
[17:06:32.724] [bmv2] [T] [thread 9425] [0.0] [cxt 0] Bytes parsed: 0
[17:06:32.724] [bmv2] [D] [thread 9425] [0.0] [cxt 0] Parser 'parser': end
[17:06:32.724] [bmv2] [D] [thread 9425] [0.0] [cxt 0] Pipeline 'ingress': start
[17:06:32.724] [bmv2] [T] [thread 9425] [0.0] [cxt 0] repeater.p4(59) Condition "standard_metadata.ingress_port == 1" (node_2) is false
[17:06:32.724] [bmv2] [T] [thread 9425] [0.0] [cxt 0] repeater.p4(61) Condition "standard_metadata.ingress_port == 2" (node_4) is true
[17:06:32.724] [bmv2] [T] [thread 9425] [0.0] [cxt 0] Applying table 'tbl_repeater62'
[17:06:32.724] [bmv2] [D] [thread 9425] [0.0] [cxt 0] Looking up key:

[17:06:32.724] [bmv2] [D] [thread 9425] [0.0] [cxt 0] Table 'tbl_repeater62': miss
[17:06:32.724] [bmv2] [D] [thread 9425] [0.0] [cxt 0] Action entry is repeater62 - 
[17:06:32.724] [bmv2] [T] [thread 9425] [0.0] [cxt 0] Action repeater62
[17:06:32.724] [bmv2] [T] [thread 9425] [0.0] [cxt 0] repeater.p4(62) Primitive standard_metadata.egress_spec = 1
[17:06:32.724] [bmv2] [D] [thread 9425] [0.0] [cxt 0] Pipeline 'ingress': end
[17:06:32.724] [bmv2] [D] [thread 9425] [0.0] [cxt 0] Egress port is 1
[17:06:32.725] [bmv2] [D] [thread 9427] [0.0] [cxt 0] Pipeline 'egress': start
[17:06:32.725] [bmv2] [D] [thread 9427] [0.0] [cxt 0] Pipeline 'egress': end
[17:06:32.725] [bmv2] [D] [thread 9427] [0.0] [cxt 0] Deparser 'deparser': start
[17:06:32.725] [bmv2] [D] [thread 9427] [0.0] [cxt 0] Deparser 'deparser': end
[17:06:32.725] [bmv2] [D] [thread 9430] [0.0] [cxt 0] Transmitting packet of size 78 out of port 1
[17:06:33.004] [bmv2] [D] [thread 9425] [1.0] [cxt 0] Processing packet received on port 2
[17:06:33.004] [bmv2] [D] [thread 9425] [1.0] [cxt 0] Parser 'parser': start
[17:06:33.004] [bmv2] [D] [thread 9425] [1.0] [cxt 0] Parser 'parser' entering state 'start'
[17:06:33.004] [bmv2] [D] [thread 9425] [1.0] [cxt 0] Parser state 'start' has no switch, going to default next state
[17:06:33.004] [bmv2] [T] [thread 9425] [1.0] [cxt 0] Bytes parsed: 0
[17:06:33.004] [bmv2] [D] [thread 9425] [1.0] [cxt 0] Parser 'parser': end
[17:06:33.004] [bmv2] [D] [thread 9425] [1.0] [cxt 0] Pipeline 'ingress': start
[17:06:33.004] [bmv2] [T] [thread 9425] [1.0] [cxt 0] repeater.p4(59) Condition "standard_metadata.ingress_port == 1" (node_2) is false
[17:06:33.004] [bmv2] [T] [thread 9425] [1.0] [cxt 0] repeater.p4(61) Condition "standard_metadata.ingress_port == 2" (node_4) is true
[17:06:33.004] [bmv2] [T] [thread 9425] [1.0] [cxt 0] Applying table 'tbl_repeater62'
[17:06:33.004] [bmv2] [D] [thread 9425] [1.0] [cxt 0] Looking up key:

[17:06:33.004] [bmv2] [D] [thread 9425] [1.0] [cxt 0] Table 'tbl_repeater62': miss
[17:06:33.004] [bmv2] [D] [thread 9425] [1.0] [cxt 0] Action entry is repeater62 - 
[17:06:33.004] [bmv2] [T] [thread 9425] [1.0] [cxt 0] Action repeater62
[17:06:33.004] [bmv2] [T] [thread 9425] [1.0] [cxt 0] repeater.p4(62) Primitive standard_metadata.egress_spec = 1
[17:06:33.004] [bmv2] [D] [thread 9425] [1.0] [cxt 0] Pipeline 'ingress': end
[17:06:33.004] [bmv2] [D] [thread 9425] [1.0] [cxt 0] Egress port is 1
[17:06:33.005] [bmv2] [D] [thread 9427] [1.0] [cxt 0] Pipeline 'egress': start
[17:06:33.005] [bmv2] [D] [thread 9427] [1.0] [cxt 0] Pipeline 'egress': end
[17:06:33.005] [bmv2] [D] [thread 9427] [1.0] [cxt 0] Deparser 'deparser': start
[17:06:33.005] [bmv2] [D] [thread 9427] [1.0] [cxt 0] Deparser 'deparser': end
[17:06:33.005] [bmv2] [D] [thread 9430] [1.0] [cxt 0] Transmitting packet of size 90 out of port 1
[17:06:33.370] [bmv2] [D] [thread 9425] [2.0] [cxt 0] Processing packet received on port 1
[17:06:33.370] [bmv2] [D] [thread 9425] [2.0] [cxt 0] Parser 'parser': start
[17:06:33.370] [bmv2] [D] [thread 9425] [2.0] [cxt 0] Parser 'parser' entering state 'start'
[17:06:33.370] [bmv2] [D] [thread 9425] [2.0] [cxt 0] Parser state 'start' has no switch, going to default next state
[17:06:33.371] [bmv2] [T] [thread 9425] [2.0] [cxt 0] Bytes parsed: 0
[17:06:33.371] [bmv2] [D] [thread 9425] [2.0] [cxt 0] Parser 'parser': end
[17:06:33.371] [bmv2] [D] [thread 9425] [2.0] [cxt 0] Pipeline 'ingress': start
[17:06:33.371] [bmv2] [T] [thread 9425] [2.0] [cxt 0] repeater.p4(59) Condition "standard_metadata.ingress_port == 1" (node_2) is true
[17:06:33.371] [bmv2] [T] [thread 9425] [2.0] [cxt 0] Applying table 'tbl_repeater60'
[17:06:33.371] [bmv2] [D] [thread 9425] [2.0] [cxt 0] Looking up key:

[17:06:33.371] [bmv2] [D] [thread 9425] [2.0] [cxt 0] Table 'tbl_repeater60': miss
[17:06:33.371] [bmv2] [D] [thread 9425] [2.0] [cxt 0] Action entry is repeater60 - 
[17:06:33.371] [bmv2] [T] [thread 9425] [2.0] [cxt 0] Action repeater60
[17:06:33.371] [bmv2] [T] [thread 9425] [2.0] [cxt 0] repeater.p4(60) Primitive standard_metadata.egress_spec = 2
[17:06:33.371] [bmv2] [D] [thread 9425] [2.0] [cxt 0] Pipeline 'ingress': end
[17:06:33.371] [bmv2] [D] [thread 9425] [2.0] [cxt 0] Egress port is 2
[17:06:33.371] [bmv2] [D] [thread 9428] [2.0] [cxt 0] Pipeline 'egress': start
[17:06:33.371] [bmv2] [D] [thread 9428] [2.0] [cxt 0] Pipeline 'egress': end
[17:06:33.371] [bmv2] [D] [thread 9428] [2.0] [cxt 0] Deparser 'deparser': start
[17:06:33.371] [bmv2] [D] [thread 9428] [2.0] [cxt 0] Deparser 'deparser': end
[17:06:33.371] [bmv2] [D] [thread 9430] [2.0] [cxt 0] Transmitting packet of size 90 out of port 2
[17:06:33.372] [bmv2] [D] [thread 9425] [3.0] [cxt 0] Processing packet received on port 1
[17:06:33.372] [bmv2] [D] [thread 9425] [3.0] [cxt 0] Parser 'parser': start
[17:06:33.372] [bmv2] [D] [thread 9425] [3.0] [cxt 0] Parser 'parser' entering state 'start'
[17:06:33.372] [bmv2] [D] [thread 9425] [3.0] [cxt 0] Parser state 'start' has no switch, going to default next state
[17:06:33.372] [bmv2] [T] [thread 9425] [3.0] [cxt 0] Bytes parsed: 0
[17:06:33.372] [bmv2] [D] [thread 9425] [3.0] [cxt 0] Parser 'parser': end
[17:06:33.372] [bmv2] [D] [thread 9425] [3.0] [cxt 0] Pipeline 'ingress': start
[17:06:33.372] [bmv2] [T] [thread 9425] [3.0] [cxt 0] repeater.p4(59) Condition "standard_metadata.ingress_port == 1" (node_2) is true
[17:06:33.372] [bmv2] [T] [thread 9425] [3.0] [cxt 0] Applying table 'tbl_repeater60'
[17:06:33.372] [bmv2] [D] [thread 9425] [3.0] [cxt 0] Looking up key:

[17:06:33.372] [bmv2] [D] [thread 9425] [3.0] [cxt 0] Table 'tbl_repeater60': miss
[17:06:33.372] [bmv2] [D] [thread 9425] [3.0] [cxt 0] Action entry is repeater60 - 
[17:06:33.372] [bmv2] [T] [thread 9425] [3.0] [cxt 0] Action repeater60
[17:06:33.372] [bmv2] [T] [thread 9425] [3.0] [cxt 0] repeater.p4(60) Primitive standard_metadata.egress_spec = 2
[17:06:33.372] [bmv2] [D] [thread 9425] [3.0] [cxt 0] Pipeline 'ingress': end
[17:06:33.372] [bmv2] [D] [thread 9425] [3.0] [cxt 0] Egress port is 2
[17:06:33.373] [bmv2] [D] [thread 9428] [3.0] [cxt 0] Pipeline 'egress': start
[17:06:33.373] [bmv2] [D] [thread 9428] [3.0] [cxt 0] Pipeline 'egress': end
[17:06:33.373] [bmv2] [D] [thread 9428] [3.0] [cxt 0] Deparser 'deparser': start
[17:06:33.373] [bmv2] [D] [thread 9428] [3.0] [cxt 0] Deparser 'deparser': end
[17:06:33.373] [bmv2] [D] [thread 9430] [3.0] [cxt 0] Transmitting packet of size 70 out of port 2
open: No such file or directory
