#separator \x09
#set_separator	,
#empty_field	(empty)
#unset_field	-
#path	ocsp
#open	2025-03-05-21-40-31
#fields	ts	id	hashAlgorithm	issuerNameHash	issuerKeyHash	serialNumber	certStatus	revoketime	revokereason	thisUpdate	nextUpdate
#types	time	string	string	string	string	string	string	time	string	time	time
15.766418	F0vGhf24yS4Y2KIDr4	sha1	1D236F8E064B971FDDDFA11523E1AEE502BE2B1B	3A9A8507106728B6EFF6BD05416E20C194DA0FDE	07	good	-	-	1458372805.000000	1458502405.000000
15.888624	FyCvI2f5NtmROimMb	sha1	B6080D5F6C6B76EB13E438A5F8660BA85233344E	40C2BD278ECC348330A233D7FB6CB3F0B42C80CE	03F93247476E47	good	-	-	1458373458.000000	1458503058.000000
46.796761	FK3Q5f1ZnW1VRfAd3	sha1	1D236F8E064B971FDDDFA11523E1AEE502BE2B1B	3A9A8507106728B6EFF6BD05416E20C194DA0FDE	07	good	-	-	1458372805.000000	1458502405.000000
46.935967	Fxcasp3uuiCVKUVDQ6	sha1	B6080D5F6C6B76EB13E438A5F8660BA85233344E	40C2BD278ECC348330A233D7FB6CB3F0B42C80CE	03F93247476E47	good	-	-	1458373458.000000	1458503058.000000
47.046619	FVugipHWPqUIPPzs9	sha1	74241467069FF5E0983F5E3E1A6BA0652A541575	0159ABE7DD3A0B59A66463D6CF200757D591E76A	65376FE34B34B983165FF4493886C4C7	good	-	-	1458229064.000000	1458833864.000000
47.169872	Fdoj1qFB7k1aa9Wph	sha1	B9E9B287028503F8ECA5FB42E13E0F49C72426E2	7FD365A7C2DDECBBF03009F34339FA02AF333133	5200E5AA2556FC1A86ED96C9D44B33C7	good	-	-	1458346310.000000	1458951110.000000
47.221495	F4IkuhAmrGMWG7tI	sha1	74241467069FF5E0983F5E3E1A6BA0652A541575	0159ABE7DD3A0B59A66463D6CF200757D591E76A	3DF70C5D9903F8D8868B9B8CCF20DF69	good	-	-	1458171106.000000	1458775906.000000
47.327241	F2b5G44CqvRKzy4CQg	sha1	D2A99306E4CF1303DADDCE46C29CDC2E30077956	CF99A9EA7B26F44BC98E8FD7F00526EFE3D2A79D	21177930B723FBFFFC983E90DEE54E3F	good	-	-	1458337038.000000	1458941838.000000
47.429865	FHpNOY3wt6YYg2zHCg	sha1	9B822370BE68D1E0CFBDA04DFDB1947FC72CCC3F	1666DE4A34E350A7118603B16CA9C6ACCD596E9B	10FB713319027F3F1F1C0667B3C38CA9	good	-	-	1458324700.000000	1458929500.000000
48.177951	FPQyUS2ss2CaAzxI54	sha1	B9E9B287028503F8ECA5FB42E13E0F49C72426E2	7FD365A7C2DDECBBF03009F34339FA02AF333133	7EE14A6F6FEFF2D37F3FAD654D3ADAB4	good	-	-	1458196312.000000	1458801112.000000
48.304726	FZoX2v3Z30aXbAElm5	sha1	B9E9B287028503F8ECA5FB42E13E0F49C72426E2	7FD365A7C2DDECBBF03009F34339FA02AF333133	191A32CB759C97B8CFAC118DD5127F49	good	-	-	1458336470.000000	1458941270.000000
48.372852	FA7oFk3MKKkCoDas61	sha1	49F4BD8A18BF760698C5DE402D683B716AE4E686	3DD350A5D6A0ADEEF34A600A65D321D4F8F8D60F	0C009310D206DBE337553580118DDC87	good	-	-	1458359940.000000	1458962040.000000
48.397742	Fp7eMF2IJsus7nVqJ6	sha1	DFAA12E328B1094193E29F4282CE4740429558A3	B13EC36903F8BF4701D498261A0802EF63642BC3	0C79A944B08C11952092615FE26B1D83	good	-	-	1458315000.000000	1458919800.000000
48.443138	FuMLan3FKakwoBiHb1	sha1	74241467069FF5E0983F5E3E1A6BA0652A541575	0159ABE7DD3A0B59A66463D6CF200757D591E76A	45477605107C6153452F8EB1B7CB24DE	good	-	-	1458245226.000000	1458850026.000000
48.798520	FTtOkk3eoYgfh2mzF4	sha1	BEB9B7CF45A2684F7060EA60F5A7B732519A6B7C	04C9DA9ADC4A4977AF300304662EC7CEF2F8177D	3385BEEB33D0394E5191BB8C650B5C1F	good	-	-	1458377008.000000	1458981808.000000
48.906779	FafPdz1qw55K61chS	sha1	7988AEED624F6DA9012879085936429C02897D6E	8C43C4CB6D98C1A79C8469EBDF4A0D60963AC3FB	64FE29DCCF38E030DCFFE34D05689661	good	-	-	1458376185.000000	1458980985.000000
161.745500	FzaZJCphfpdr3pIX8	sha1	CF26F518FAC97E8F8CB342E01C2F6A109E8E5F0A	5168FF90AF0207753CCCD9656462A212B859723B	08AED504C2BA5AD2F901CB9451488192	good	-	-	1458359040.000000	1458961140.000000
1229.279939	FkYhakqDRS8c6jK88	sha1	B6080D5F6C6B76EB13E438A5F8660BA85233344E	40C2BD278ECC348330A233D7FB6CB3F0B42C80CE	4D39F809A8487FED	good	-	-	1458288498.000000	1458418098.000000
1229.798021	FNTNB11uqCmjwzJgjl	sha1	B6080D5F6C6B76EB13E438A5F8660BA85233344E	40C2BD278ECC348330A233D7FB6CB3F0B42C80CE	4D39F809A8487FED	good	-	-	1458288498.000000	1458418098.000000
1305.421513	FVy5AZ2KTQZYqW7z0e	sha1	49F4BD8A18BF760698C5DE402D683B716AE4E686	3DD350A5D6A0ADEEF34A600A65D321D4F8F8D60F	08B5E27CD4E9DE734A827EAB13C7D7F6	good	-	-	1457801100.000000	1458403200.000000
1306.215574	FSimF52mYWO98YNti7	sha1	26102266B387FB8B911BC6D37B35BCD0081C0074	51AF24269CF468225780262B3B4662157B1ECCA5	5A0002D394A381EDD6DF5AE49200010002D394	good	-	-	1458356546.000000	1458702146.000000
1306.527641	FbkWu8tV1ZBqdzNVj	sha1	26102266B387FB8B911BC6D37B35BCD0081C0074	51AF24269CF468225780262B3B4662157B1ECCA5	5A0002D394A381EDD6DF5AE49200010002D394	good	-	-	1458356546.000000	1458702146.000000
1310.074255	FWyLR52FzNDsg5Cy5l	sha1	26102266B387FB8B911BC6D37B35BCD0081C0074	51AF24269CF468225780262B3B4662157B1ECCA5	5A0002D394A381EDD6DF5AE49200010002D394	good	-	-	1458361503.000000	1458707103.000000
1824.433422	F0KyGi2Q3h5eX5Qg38	sha1	7CB166549CABDB44EE622616ADF4657BF77AD594	ADBD987A34B426F7FAC42654EF03BDE024CB541A	2766EE56EB49F38EABD770A2FC84DE22	good	-	-	1458251366.000000	1458596966.000000
1824.494501	FTPIAW2p0uvS8XrMqh	sha1	5E021B686C5CD3BE1691995789DFC41472163D03	BBAF7E023DFAA6F13C848EADEE3898ECD93232D4	E8AE4FCDB1F3C1F14675D2539AEEB027	good	-	-	1458251366.000000	1458596966.000000
1824.526063	F17UvT3I2CJnsWTdUf	sha1	DF458472AFCD02C4F9FCB719CF296B1690DCB7B2	E38F90FD681930AE4B990B7CFEDFAEE45AC79D33	18864EE0B795880D836D34AEF15B8C7E	good	-	-	1458064383.000000	1458409983.000000
#close	2025-03-05-21-40-32
