Warning: you requested the nanomsg event logger, but bmv2 was compiled without -DBMELOG, and the event logger cannot be activated
Calling target program-options parser
[06:22:22.371] [bmv2] [D] [thread 9778] Set default default entry for table 'tbl_ecmp87': ecmp87 - 
[06:22:22.371] [bmv2] [D] [thread 9778] Set default default entry for table 'MyIngress.ipv4_lpm': MyIngress.drop - 
[06:22:22.371] [bmv2] [D] [thread 9778] Set default default entry for table 'MyIngress.ecmp_group_to_nhop': NoAction - 
[06:22:22.371] [bmv2] [D] [thread 9778] Set default default entry for table 'tbl_ecmp114': ecmp114 - 
Adding interface s2-eth1 as port 1
[06:22:22.373] [bmv2] [D] [thread 9778] Adding interface s2-eth1 as port 1
Adding interface s2-eth2 as port 2
[06:22:22.440] [bmv2] [D] [thread 9778] Adding interface s2-eth2 as port 2
[06:22:22.515] [bmv2] [I] [thread 9778] Starting Thrift server on port 9091
[06:22:22.515] [bmv2] [I] [thread 9778] Thrift server was started
[06:22:22.577] [bmv2] [D] [thread 9784] [0.0] [cxt 0] Processing packet received on port 1
[06:22:22.577] [bmv2] [D] [thread 9784] [0.0] [cxt 0] Parser 'parser': start
[06:22:22.577] [bmv2] [D] [thread 9784] [0.0] [cxt 0] Parser 'parser' entering state 'start'
[06:22:22.577] [bmv2] [D] [thread 9784] [0.0] [cxt 0] Extracting header 'ethernet'
[06:22:22.577] [bmv2] [D] [thread 9784] [0.0] [cxt 0] Parser state 'start': key is 86dd
[06:22:22.577] [bmv2] [T] [thread 9784] [0.0] [cxt 0] Bytes parsed: 14
[06:22:22.577] [bmv2] [D] [thread 9784] [0.0] [cxt 0] Parser 'parser': end
[06:22:22.577] [bmv2] [D] [thread 9784] [0.0] [cxt 0] Pipeline 'ingress': start
[06:22:22.577] [bmv2] [T] [thread 9784] [0.0] [cxt 0] p4src/ecmp.p4(86) Condition "standard_metadata.ingress_port < 6" (node_2) is true
[06:22:22.577] [bmv2] [T] [thread 9784] [0.0] [cxt 0] Applying table 'tbl_ecmp87'
[06:22:22.578] [bmv2] [D] [thread 9784] [0.0] [cxt 0] Looking up key:

[06:22:22.578] [bmv2] [D] [thread 9784] [0.0] [cxt 0] Table 'tbl_ecmp87': miss
[06:22:22.578] [bmv2] [D] [thread 9784] [0.0] [cxt 0] Action entry is ecmp87 - 
[06:22:22.578] [bmv2] [T] [thread 9784] [0.0] [cxt 0] Action ecmp87
[06:22:22.578] [bmv2] [T] [thread 9784] [0.0] [cxt 0] p4src/ecmp.p4(87) Primitive (bit<32>)standard_metadata.ingress_port
[06:22:22.578] [bmv2] [T] [thread 9784] [0.0] [cxt 0] p4src/ecmp.p4(87) Primitive port_ingress_counter.count((bit<32>)standard_metadata.ingress_port)
[06:22:22.578] [bmv2] [T] [thread 9784] [0.0] [cxt 0] Updated counter 'MyIngress.port_ingress_counter' at index 1
[06:22:22.578] [bmv2] [T] [thread 9784] [0.0] [cxt 0] p4src/ecmp.p4(90) Condition "hdr.ipv4.isValid()" (node_4) is false
[06:22:22.578] [bmv2] [D] [thread 9784] [0.0] [cxt 0] Pipeline 'ingress': end
[06:22:22.578] [bmv2] [D] [thread 9784] [0.0] [cxt 0] Egress port is 0
[06:22:22.578] [bmv2] [D] [thread 9784] [1.0] [cxt 0] Processing packet received on port 1
[06:22:22.578] [bmv2] [D] [thread 9784] [1.0] [cxt 0] Parser 'parser': start
[06:22:22.578] [bmv2] [D] [thread 9784] [1.0] [cxt 0] Parser 'parser' entering state 'start'
[06:22:22.578] [bmv2] [D] [thread 9784] [1.0] [cxt 0] Extracting header 'ethernet'
[06:22:22.578] [bmv2] [D] [thread 9784] [1.0] [cxt 0] Parser state 'start': key is 86dd
[06:22:22.578] [bmv2] [T] [thread 9784] [1.0] [cxt 0] Bytes parsed: 14
[06:22:22.578] [bmv2] [D] [thread 9784] [1.0] [cxt 0] Parser 'parser': end
[06:22:22.578] [bmv2] [D] [thread 9784] [1.0] [cxt 0] Pipeline 'ingress': start
[06:22:22.578] [bmv2] [T] [thread 9784] [1.0] [cxt 0] p4src/ecmp.p4(86) Condition "standard_metadata.ingress_port < 6" (node_2) is true
[06:22:22.578] [bmv2] [T] [thread 9784] [1.0] [cxt 0] Applying table 'tbl_ecmp87'
[06:22:22.578] [bmv2] [D] [thread 9784] [1.0] [cxt 0] Looking up key:

[06:22:22.578] [bmv2] [D] [thread 9784] [1.0] [cxt 0] Table 'tbl_ecmp87': miss
[06:22:22.578] [bmv2] [D] [thread 9784] [1.0] [cxt 0] Action entry is ecmp87 - 
[06:22:22.578] [bmv2] [T] [thread 9784] [1.0] [cxt 0] Action ecmp87
[06:22:22.578] [bmv2] [T] [thread 9784] [1.0] [cxt 0] p4src/ecmp.p4(87) Primitive (bit<32>)standard_metadata.ingress_port
[06:22:22.578] [bmv2] [T] [thread 9784] [1.0] [cxt 0] p4src/ecmp.p4(87) Primitive port_ingress_counter.count((bit<32>)standard_metadata.ingress_port)
[06:22:22.578] [bmv2] [T] [thread 9784] [1.0] [cxt 0] Updated counter 'MyIngress.port_ingress_counter' at index 1
[06:22:22.578] [bmv2] [T] [thread 9784] [1.0] [cxt 0] p4src/ecmp.p4(90) Condition "hdr.ipv4.isValid()" (node_4) is false
[06:22:22.578] [bmv2] [D] [thread 9784] [1.0] [cxt 0] Pipeline 'ingress': end
[06:22:22.578] [bmv2] [D] [thread 9784] [1.0] [cxt 0] Egress port is 0
[06:22:22.578] [bmv2] [D] [thread 9785] [0.0] [cxt 0] Pipeline 'egress': start
[06:22:22.578] [bmv2] [T] [thread 9785] [0.0] [cxt 0] p4src/ecmp.p4(113) Condition "standard_metadata.egress_port < 6" (node_9) is true
[06:22:22.578] [bmv2] [T] [thread 9785] [0.0] [cxt 0] Applying table 'tbl_ecmp114'
[06:22:22.578] [bmv2] [D] [thread 9785] [0.0] [cxt 0] Looking up key:

[06:22:22.578] [bmv2] [D] [thread 9785] [0.0] [cxt 0] Table 'tbl_ecmp114': miss
[06:22:22.578] [bmv2] [D] [thread 9785] [0.0] [cxt 0] Action entry is ecmp114 - 
[06:22:22.578] [bmv2] [T] [thread 9785] [0.0] [cxt 0] Action ecmp114
[06:22:22.578] [bmv2] [T] [thread 9785] [0.0] [cxt 0] p4src/ecmp.p4(114) Primitive (bit<32>)standard_metadata.egress_port
[06:22:22.578] [bmv2] [T] [thread 9785] [0.0] [cxt 0] p4src/ecmp.p4(114) Primitive port_egress_counter.count((bit<32>)standard_metadata.egress_port)
[06:22:22.578] [bmv2] [T] [thread 9785] [0.0] [cxt 0] Updated counter 'MyEgress.port_egress_counter' at index 0
[06:22:22.579] [bmv2] [D] [thread 9785] [0.0] [cxt 0] Pipeline 'egress': end
[06:22:22.579] [bmv2] [D] [thread 9785] [0.0] [cxt 0] Deparser 'deparser': start
[06:22:22.579] [bmv2] [T] [thread 9785] [0.0] [cxt 0] Skipping checksum 'cksum' update because condition not met
[06:22:22.579] [bmv2] [D] [thread 9785] [0.0] [cxt 0] Deparsing header 'ethernet'
[06:22:22.579] [bmv2] [D] [thread 9785] [0.0] [cxt 0] Deparser 'deparser': end
[06:22:22.579] [bmv2] [D] [thread 9785] [1.0] [cxt 0] Pipeline 'egress': start
[06:22:22.579] [bmv2] [T] [thread 9785] [1.0] [cxt 0] p4src/ecmp.p4(113) Condition "standard_metadata.egress_port < 6" (node_9) is true
[06:22:22.579] [bmv2] [T] [thread 9785] [1.0] [cxt 0] Applying table 'tbl_ecmp114'
[06:22:22.579] [bmv2] [D] [thread 9785] [1.0] [cxt 0] Looking up key:

[06:22:22.579] [bmv2] [D] [thread 9785] [1.0] [cxt 0] Table 'tbl_ecmp114': miss
[06:22:22.579] [bmv2] [D] [thread 9785] [1.0] [cxt 0] Action entry is ecmp114 - 
[06:22:22.579] [bmv2] [T] [thread 9785] [1.0] [cxt 0] Action ecmp114
[06:22:22.579] [bmv2] [T] [thread 9785] [1.0] [cxt 0] p4src/ecmp.p4(114) Primitive (bit<32>)standard_metadata.egress_port
[06:22:22.579] [bmv2] [T] [thread 9785] [1.0] [cxt 0] p4src/ecmp.p4(114) Primitive port_egress_counter.count((bit<32>)standard_metadata.egress_port)
[06:22:22.579] [bmv2] [T] [thread 9785] [1.0] [cxt 0] Updated counter 'MyEgress.port_egress_counter' at index 0
[06:22:22.579] [bmv2] [D] [thread 9785] [1.0] [cxt 0] Pipeline 'egress': end
[06:22:22.579] [bmv2] [D] [thread 9785] [1.0] [cxt 0] Deparser 'deparser': start
[06:22:22.579] [bmv2] [T] [thread 9785] [1.0] [cxt 0] Skipping checksum 'cksum' update because condition not met
[06:22:22.579] [bmv2] [D] [thread 9785] [1.0] [cxt 0] Deparsing header 'ethernet'
[06:22:22.579] [bmv2] [D] [thread 9785] [1.0] [cxt 0] Deparser 'deparser': end
[06:22:22.579] [bmv2] [D] [thread 9789] [0.0] [cxt 0] Transmitting packet of size 90 out of port 0
[06:22:22.579] [bmv2] [D] [thread 9789] [1.0] [cxt 0] Transmitting packet of size 70 out of port 0
[06:22:22.807] [bmv2] [D] [thread 9784] [2.0] [cxt 0] Processing packet received on port 2
[06:22:22.807] [bmv2] [D] [thread 9784] [2.0] [cxt 0] Parser 'parser': start
[06:22:22.807] [bmv2] [D] [thread 9784] [2.0] [cxt 0] Parser 'parser' entering state 'start'
[06:22:22.807] [bmv2] [D] [thread 9784] [2.0] [cxt 0] Extracting header 'ethernet'
[06:22:22.807] [bmv2] [D] [thread 9784] [2.0] [cxt 0] Parser state 'start': key is 86dd
[06:22:22.807] [bmv2] [T] [thread 9784] [2.0] [cxt 0] Bytes parsed: 14
[06:22:22.807] [bmv2] [D] [thread 9784] [2.0] [cxt 0] Parser 'parser': end
[06:22:22.807] [bmv2] [D] [thread 9784] [2.0] [cxt 0] Pipeline 'ingress': start
[06:22:22.807] [bmv2] [T] [thread 9784] [2.0] [cxt 0] p4src/ecmp.p4(86) Condition "standard_metadata.ingress_port < 6" (node_2) is true
[06:22:22.807] [bmv2] [T] [thread 9784] [2.0] [cxt 0] Applying table 'tbl_ecmp87'
[06:22:22.807] [bmv2] [D] [thread 9784] [2.0] [cxt 0] Looking up key:

[06:22:22.807] [bmv2] [D] [thread 9784] [2.0] [cxt 0] Table 'tbl_ecmp87': miss
[06:22:22.807] [bmv2] [D] [thread 9784] [2.0] [cxt 0] Action entry is ecmp87 - 
[06:22:22.807] [bmv2] [T] [thread 9784] [2.0] [cxt 0] Action ecmp87
[06:22:22.807] [bmv2] [T] [thread 9784] [2.0] [cxt 0] p4src/ecmp.p4(87) Primitive (bit<32>)standard_metadata.ingress_port
[06:22:22.807] [bmv2] [T] [thread 9784] [2.0] [cxt 0] p4src/ecmp.p4(87) Primitive port_ingress_counter.count((bit<32>)standard_metadata.ingress_port)
[06:22:22.807] [bmv2] [T] [thread 9784] [2.0] [cxt 0] Updated counter 'MyIngress.port_ingress_counter' at index 2
[06:22:22.807] [bmv2] [T] [thread 9784] [2.0] [cxt 0] p4src/ecmp.p4(90) Condition "hdr.ipv4.isValid()" (node_4) is false
[06:22:22.807] [bmv2] [D] [thread 9784] [2.0] [cxt 0] Pipeline 'ingress': end
[06:22:22.807] [bmv2] [D] [thread 9784] [2.0] [cxt 0] Egress port is 0
[06:22:22.807] [bmv2] [D] [thread 9784] [3.0] [cxt 0] Processing packet received on port 2
[06:22:22.807] [bmv2] [D] [thread 9784] [3.0] [cxt 0] Parser 'parser': start
[06:22:22.807] [bmv2] [D] [thread 9784] [3.0] [cxt 0] Parser 'parser' entering state 'start'
[06:22:22.807] [bmv2] [D] [thread 9784] [3.0] [cxt 0] Extracting header 'ethernet'
[06:22:22.807] [bmv2] [D] [thread 9784] [3.0] [cxt 0] Parser state 'start': key is 86dd
[06:22:22.807] [bmv2] [T] [thread 9784] [3.0] [cxt 0] Bytes parsed: 14
[06:22:22.807] [bmv2] [D] [thread 9784] [3.0] [cxt 0] Parser 'parser': end
[06:22:22.807] [bmv2] [D] [thread 9784] [3.0] [cxt 0] Pipeline 'ingress': start
[06:22:22.807] [bmv2] [T] [thread 9784] [3.0] [cxt 0] p4src/ecmp.p4(86) Condition "standard_metadata.ingress_port < 6" (node_2) is true
[06:22:22.807] [bmv2] [T] [thread 9784] [3.0] [cxt 0] Applying table 'tbl_ecmp87'
[06:22:22.807] [bmv2] [D] [thread 9784] [3.0] [cxt 0] Looking up key:

[06:22:22.807] [bmv2] [D] [thread 9784] [3.0] [cxt 0] Table 'tbl_ecmp87': miss
[06:22:22.807] [bmv2] [D] [thread 9784] [3.0] [cxt 0] Action entry is ecmp87 - 
[06:22:22.807] [bmv2] [T] [thread 9784] [3.0] [cxt 0] Action ecmp87
[06:22:22.807] [bmv2] [T] [thread 9784] [3.0] [cxt 0] p4src/ecmp.p4(87) Primitive (bit<32>)standard_metadata.ingress_port
[06:22:22.807] [bmv2] [T] [thread 9784] [3.0] [cxt 0] p4src/ecmp.p4(87) Primitive port_ingress_counter.count((bit<32>)standard_metadata.ingress_port)
[06:22:22.807] [bmv2] [T] [thread 9784] [3.0] [cxt 0] Updated counter 'MyIngress.port_ingress_counter' at index 2
[06:22:22.807] [bmv2] [T] [thread 9784] [3.0] [cxt 0] p4src/ecmp.p4(90) Condition "hdr.ipv4.isValid()" (node_4) is false
[06:22:22.807] [bmv2] [D] [thread 9784] [3.0] [cxt 0] Pipeline 'ingress': end
[06:22:22.807] [bmv2] [D] [thread 9784] [3.0] [cxt 0] Egress port is 0
[06:22:22.807] [bmv2] [D] [thread 9785] [2.0] [cxt 0] Pipeline 'egress': start
[06:22:22.807] [bmv2] [T] [thread 9785] [2.0] [cxt 0] p4src/ecmp.p4(113) Condition "standard_metadata.egress_port < 6" (node_9) is true
[06:22:22.807] [bmv2] [T] [thread 9785] [2.0] [cxt 0] Applying table 'tbl_ecmp114'
[06:22:22.807] [bmv2] [D] [thread 9785] [2.0] [cxt 0] Looking up key:

[06:22:22.807] [bmv2] [D] [thread 9785] [2.0] [cxt 0] Table 'tbl_ecmp114': miss
[06:22:22.807] [bmv2] [D] [thread 9785] [2.0] [cxt 0] Action entry is ecmp114 - 
[06:22:22.807] [bmv2] [T] [thread 9785] [2.0] [cxt 0] Action ecmp114
[06:22:22.807] [bmv2] [T] [thread 9785] [2.0] [cxt 0] p4src/ecmp.p4(114) Primitive (bit<32>)standard_metadata.egress_port
[06:22:22.807] [bmv2] [T] [thread 9785] [2.0] [cxt 0] p4src/ecmp.p4(114) Primitive port_egress_counter.count((bit<32>)standard_metadata.egress_port)
[06:22:22.807] [bmv2] [T] [thread 9785] [2.0] [cxt 0] Updated counter 'MyEgress.port_egress_counter' at index 0
[06:22:22.807] [bmv2] [D] [thread 9785] [2.0] [cxt 0] Pipeline 'egress': end
[06:22:22.807] [bmv2] [D] [thread 9785] [2.0] [cxt 0] Deparser 'deparser': start
[06:22:22.807] [bmv2] [T] [thread 9785] [2.0] [cxt 0] Skipping checksum 'cksum' update because condition not met
[06:22:22.807] [bmv2] [D] [thread 9785] [2.0] [cxt 0] Deparsing header 'ethernet'
[06:22:22.807] [bmv2] [D] [thread 9785] [2.0] [cxt 0] Deparser 'deparser': end
[06:22:22.807] [bmv2] [D] [thread 9785] [3.0] [cxt 0] Pipeline 'egress': start
[06:22:22.807] [bmv2] [T] [thread 9785] [3.0] [cxt 0] p4src/ecmp.p4(113) Condition "standard_metadata.egress_port < 6" (node_9) is true
[06:22:22.807] [bmv2] [T] [thread 9785] [3.0] [cxt 0] Applying table 'tbl_ecmp114'
[06:22:22.807] [bmv2] [D] [thread 9785] [3.0] [cxt 0] Looking up key:

[06:22:22.807] [bmv2] [D] [thread 9785] [3.0] [cxt 0] Table 'tbl_ecmp114': miss
[06:22:22.807] [bmv2] [D] [thread 9785] [3.0] [cxt 0] Action entry is ecmp114 - 
[06:22:22.807] [bmv2] [T] [thread 9785] [3.0] [cxt 0] Action ecmp114
[06:22:22.807] [bmv2] [T] [thread 9785] [3.0] [cxt 0] p4src/ecmp.p4(114) Primitive (bit<32>)standard_metadata.egress_port
[06:22:22.807] [bmv2] [T] [thread 9785] [3.0] [cxt 0] p4src/ecmp.p4(114) Primitive port_egress_counter.count((bit<32>)standard_metadata.egress_port)
[06:22:22.807] [bmv2] [T] [thread 9785] [3.0] [cxt 0] Updated counter 'MyEgress.port_egress_counter' at index 0
[06:22:22.807] [bmv2] [D] [thread 9785] [3.0] [cxt 0] Pipeline 'egress': end
[06:22:22.807] [bmv2] [D] [thread 9785] [3.0] [cxt 0] Deparser 'deparser': start
[06:22:22.807] [bmv2] [T] [thread 9785] [3.0] [cxt 0] Skipping checksum 'cksum' update because condition not met
[06:22:22.807] [bmv2] [D] [thread 9785] [3.0] [cxt 0] Deparsing header 'ethernet'
[06:22:22.807] [bmv2] [D] [thread 9785] [3.0] [cxt 0] Deparser 'deparser': end
[06:22:22.807] [bmv2] [D] [thread 9789] [2.0] [cxt 0] Transmitting packet of size 90 out of port 0
[06:22:22.807] [bmv2] [D] [thread 9789] [3.0] [cxt 0] Transmitting packet of size 70 out of port 0
[06:22:22.818] [bmv2] [D] [thread 9784] [4.0] [cxt 0] Processing packet received on port 2
[06:22:22.818] [bmv2] [D] [thread 9784] [4.0] [cxt 0] Parser 'parser': start
[06:22:22.818] [bmv2] [D] [thread 9784] [4.0] [cxt 0] Parser 'parser' entering state 'start'
[06:22:22.818] [bmv2] [D] [thread 9784] [4.0] [cxt 0] Extracting header 'ethernet'
[06:22:22.818] [bmv2] [D] [thread 9784] [4.0] [cxt 0] Parser state 'start': key is 86dd
[06:22:22.818] [bmv2] [T] [thread 9784] [4.0] [cxt 0] Bytes parsed: 14
[06:22:22.818] [bmv2] [D] [thread 9784] [4.0] [cxt 0] Parser 'parser': end
[06:22:22.818] [bmv2] [D] [thread 9784] [4.0] [cxt 0] Pipeline 'ingress': start
[06:22:22.818] [bmv2] [T] [thread 9784] [4.0] [cxt 0] p4src/ecmp.p4(86) Condition "standard_metadata.ingress_port < 6" (node_2) is true
[06:22:22.818] [bmv2] [T] [thread 9784] [4.0] [cxt 0] Applying table 'tbl_ecmp87'
[06:22:22.818] [bmv2] [D] [thread 9784] [4.0] [cxt 0] Looking up key:

[06:22:22.818] [bmv2] [D] [thread 9784] [4.0] [cxt 0] Table 'tbl_ecmp87': miss
[06:22:22.818] [bmv2] [D] [thread 9784] [4.0] [cxt 0] Action entry is ecmp87 - 
[06:22:22.818] [bmv2] [T] [thread 9784] [4.0] [cxt 0] Action ecmp87
[06:22:22.818] [bmv2] [T] [thread 9784] [4.0] [cxt 0] p4src/ecmp.p4(87) Primitive (bit<32>)standard_metadata.ingress_port
[06:22:22.818] [bmv2] [T] [thread 9784] [4.0] [cxt 0] p4src/ecmp.p4(87) Primitive port_ingress_counter.count((bit<32>)standard_metadata.ingress_port)
[06:22:22.818] [bmv2] [T] [thread 9784] [4.0] [cxt 0] Updated counter 'MyIngress.port_ingress_counter' at index 2
[06:22:22.818] [bmv2] [T] [thread 9784] [4.0] [cxt 0] p4src/ecmp.p4(90) Condition "hdr.ipv4.isValid()" (node_4) is false
[06:22:22.818] [bmv2] [D] [thread 9784] [4.0] [cxt 0] Pipeline 'ingress': end
[06:22:22.818] [bmv2] [D] [thread 9784] [4.0] [cxt 0] Egress port is 0
[06:22:22.818] [bmv2] [D] [thread 9785] [4.0] [cxt 0] Pipeline 'egress': start
[06:22:22.818] [bmv2] [T] [thread 9785] [4.0] [cxt 0] p4src/ecmp.p4(113) Condition "standard_metadata.egress_port < 6" (node_9) is true
[06:22:22.818] [bmv2] [T] [thread 9785] [4.0] [cxt 0] Applying table 'tbl_ecmp114'
[06:22:22.818] [bmv2] [D] [thread 9785] [4.0] [cxt 0] Looking up key:

[06:22:22.818] [bmv2] [D] [thread 9785] [4.0] [cxt 0] Table 'tbl_ecmp114': miss
[06:22:22.818] [bmv2] [D] [thread 9785] [4.0] [cxt 0] Action entry is ecmp114 - 
[06:22:22.818] [bmv2] [T] [thread 9785] [4.0] [cxt 0] Action ecmp114
[06:22:22.818] [bmv2] [T] [thread 9785] [4.0] [cxt 0] p4src/ecmp.p4(114) Primitive (bit<32>)standard_metadata.egress_port
[06:22:22.818] [bmv2] [T] [thread 9785] [4.0] [cxt 0] p4src/ecmp.p4(114) Primitive port_egress_counter.count((bit<32>)standard_metadata.egress_port)
[06:22:22.818] [bmv2] [T] [thread 9785] [4.0] [cxt 0] Updated counter 'MyEgress.port_egress_counter' at index 0
[06:22:22.818] [bmv2] [D] [thread 9785] [4.0] [cxt 0] Pipeline 'egress': end
[06:22:22.818] [bmv2] [D] [thread 9785] [4.0] [cxt 0] Deparser 'deparser': start
[06:22:22.818] [bmv2] [T] [thread 9785] [4.0] [cxt 0] Skipping checksum 'cksum' update because condition not met
[06:22:22.818] [bmv2] [D] [thread 9785] [4.0] [cxt 0] Deparsing header 'ethernet'
[06:22:22.818] [bmv2] [D] [thread 9785] [4.0] [cxt 0] Deparser 'deparser': end
[06:22:22.818] [bmv2] [D] [thread 9789] [4.0] [cxt 0] Transmitting packet of size 90 out of port 0
[06:22:22.844] [bmv2] [D] [thread 9784] [5.0] [cxt 0] Processing packet received on port 1
[06:22:22.844] [bmv2] [D] [thread 9784] [5.0] [cxt 0] Parser 'parser': start
[06:22:22.844] [bmv2] [D] [thread 9784] [5.0] [cxt 0] Parser 'parser' entering state 'start'
[06:22:22.844] [bmv2] [D] [thread 9784] [5.0] [cxt 0] Extracting header 'ethernet'
[06:22:22.844] [bmv2] [D] [thread 9784] [5.0] [cxt 0] Parser state 'start': key is 86dd
[06:22:22.844] [bmv2] [T] [thread 9784] [5.0] [cxt 0] Bytes parsed: 14
[06:22:22.845] [bmv2] [D] [thread 9784] [5.0] [cxt 0] Parser 'parser': end
[06:22:22.845] [bmv2] [D] [thread 9784] [5.0] [cxt 0] Pipeline 'ingress': start
[06:22:22.845] [bmv2] [T] [thread 9784] [5.0] [cxt 0] p4src/ecmp.p4(86) Condition "standard_metadata.ingress_port < 6" (node_2) is true
[06:22:22.845] [bmv2] [T] [thread 9784] [5.0] [cxt 0] Applying table 'tbl_ecmp87'
[06:22:22.845] [bmv2] [D] [thread 9784] [5.0] [cxt 0] Looking up key:

[06:22:22.845] [bmv2] [D] [thread 9784] [5.0] [cxt 0] Table 'tbl_ecmp87': miss
[06:22:22.845] [bmv2] [D] [thread 9784] [5.0] [cxt 0] Action entry is ecmp87 - 
[06:22:22.845] [bmv2] [T] [thread 9784] [5.0] [cxt 0] Action ecmp87
[06:22:22.845] [bmv2] [T] [thread 9784] [5.0] [cxt 0] p4src/ecmp.p4(87) Primitive (bit<32>)standard_metadata.ingress_port
[06:22:22.845] [bmv2] [T] [thread 9784] [5.0] [cxt 0] p4src/ecmp.p4(87) Primitive port_ingress_counter.count((bit<32>)standard_metadata.ingress_port)
[06:22:22.845] [bmv2] [T] [thread 9784] [5.0] [cxt 0] Updated counter 'MyIngress.port_ingress_counter' at index 1
[06:22:22.845] [bmv2] [T] [thread 9784] [5.0] [cxt 0] p4src/ecmp.p4(90) Condition "hdr.ipv4.isValid()" (node_4) is false
[06:22:22.845] [bmv2] [D] [thread 9784] [5.0] [cxt 0] Pipeline 'ingress': end
[06:22:22.845] [bmv2] [D] [thread 9784] [5.0] [cxt 0] Egress port is 0
[06:22:22.845] [bmv2] [D] [thread 9784] [6.0] [cxt 0] Processing packet received on port 1
[06:22:22.845] [bmv2] [D] [thread 9784] [6.0] [cxt 0] Parser 'parser': start
[06:22:22.845] [bmv2] [D] [thread 9784] [6.0] [cxt 0] Parser 'parser' entering state 'start'
[06:22:22.845] [bmv2] [D] [thread 9784] [6.0] [cxt 0] Extracting header 'ethernet'
[06:22:22.845] [bmv2] [D] [thread 9784] [6.0] [cxt 0] Parser state 'start': key is 86dd
[06:22:22.845] [bmv2] [T] [thread 9784] [6.0] [cxt 0] Bytes parsed: 14
[06:22:22.845] [bmv2] [D] [thread 9784] [6.0] [cxt 0] Parser 'parser': end
[06:22:22.845] [bmv2] [D] [thread 9784] [6.0] [cxt 0] Pipeline 'ingress': start
[06:22:22.845] [bmv2] [T] [thread 9784] [6.0] [cxt 0] p4src/ecmp.p4(86) Condition "standard_metadata.ingress_port < 6" (node_2) is true
[06:22:22.845] [bmv2] [T] [thread 9784] [6.0] [cxt 0] Applying table 'tbl_ecmp87'
[06:22:22.845] [bmv2] [D] [thread 9784] [6.0] [cxt 0] Looking up key:

[06:22:22.845] [bmv2] [D] [thread 9784] [6.0] [cxt 0] Table 'tbl_ecmp87': miss
[06:22:22.845] [bmv2] [D] [thread 9784] [6.0] [cxt 0] Action entry is ecmp87 - 
[06:22:22.845] [bmv2] [T] [thread 9784] [6.0] [cxt 0] Action ecmp87
[06:22:22.845] [bmv2] [T] [thread 9784] [6.0] [cxt 0] p4src/ecmp.p4(87) Primitive (bit<32>)standard_metadata.ingress_port
[06:22:22.845] [bmv2] [T] [thread 9784] [6.0] [cxt 0] p4src/ecmp.p4(87) Primitive port_ingress_counter.count((bit<32>)standard_metadata.ingress_port)
[06:22:22.845] [bmv2] [T] [thread 9784] [6.0] [cxt 0] Updated counter 'MyIngress.port_ingress_counter' at index 1
[06:22:22.845] [bmv2] [T] [thread 9784] [6.0] [cxt 0] p4src/ecmp.p4(90) Condition "hdr.ipv4.isValid()" (node_4) is false
[06:22:22.845] [bmv2] [D] [thread 9784] [6.0] [cxt 0] Pipeline 'ingress': end
[06:22:22.845] [bmv2] [D] [thread 9784] [6.0] [cxt 0] Egress port is 0
[06:22:22.845] [bmv2] [D] [thread 9785] [5.0] [cxt 0] Pipeline 'egress': start
[06:22:22.845] [bmv2] [T] [thread 9785] [5.0] [cxt 0] p4src/ecmp.p4(113) Condition "standard_metadata.egress_port < 6" (node_9) is true
[06:22:22.845] [bmv2] [T] [thread 9785] [5.0] [cxt 0] Applying table 'tbl_ecmp114'
[06:22:22.845] [bmv2] [D] [thread 9785] [5.0] [cxt 0] Looking up key:

[06:22:22.845] [bmv2] [D] [thread 9785] [5.0] [cxt 0] Table 'tbl_ecmp114': miss
[06:22:22.845] [bmv2] [D] [thread 9785] [5.0] [cxt 0] Action entry is ecmp114 - 
[06:22:22.845] [bmv2] [T] [thread 9785] [5.0] [cxt 0] Action ecmp114
[06:22:22.845] [bmv2] [T] [thread 9785] [5.0] [cxt 0] p4src/ecmp.p4(114) Primitive (bit<32>)standard_metadata.egress_port
[06:22:22.845] [bmv2] [T] [thread 9785] [5.0] [cxt 0] p4src/ecmp.p4(114) Primitive port_egress_counter.count((bit<32>)standard_metadata.egress_port)
[06:22:22.845] [bmv2] [T] [thread 9785] [5.0] [cxt 0] Updated counter 'MyEgress.port_egress_counter' at index 0
[06:22:22.845] [bmv2] [D] [thread 9785] [5.0] [cxt 0] Pipeline 'egress': end
[06:22:22.845] [bmv2] [D] [thread 9785] [5.0] [cxt 0] Deparser 'deparser': start
[06:22:22.845] [bmv2] [T] [thread 9785] [5.0] [cxt 0] Skipping checksum 'cksum' update because condition not met
[06:22:22.845] [bmv2] [D] [thread 9785] [5.0] [cxt 0] Deparsing header 'ethernet'
[06:22:22.845] [bmv2] [D] [thread 9785] [5.0] [cxt 0] Deparser 'deparser': end
[06:22:22.845] [bmv2] [D] [thread 9785] [6.0] [cxt 0] Pipeline 'egress': start
[06:22:22.845] [bmv2] [T] [thread 9785] [6.0] [cxt 0] p4src/ecmp.p4(113) Condition "standard_metadata.egress_port < 6" (node_9) is true
[06:22:22.845] [bmv2] [T] [thread 9785] [6.0] [cxt 0] Applying table 'tbl_ecmp114'
[06:22:22.845] [bmv2] [D] [thread 9785] [6.0] [cxt 0] Looking up key:

[06:22:22.845] [bmv2] [D] [thread 9785] [6.0] [cxt 0] Table 'tbl_ecmp114': miss
[06:22:22.845] [bmv2] [D] [thread 9785] [6.0] [cxt 0] Action entry is ecmp114 - 
[06:22:22.845] [bmv2] [T] [thread 9785] [6.0] [cxt 0] Action ecmp114
[06:22:22.845] [bmv2] [T] [thread 9785] [6.0] [cxt 0] p4src/ecmp.p4(114) Primitive (bit<32>)standard_metadata.egress_port
[06:22:22.845] [bmv2] [T] [thread 9785] [6.0] [cxt 0] p4src/ecmp.p4(114) Primitive port_egress_counter.count((bit<32>)standard_metadata.egress_port)
[06:22:22.845] [bmv2] [T] [thread 9785] [6.0] [cxt 0] Updated counter 'MyEgress.port_egress_counter' at index 0
[06:22:22.845] [bmv2] [D] [thread 9785] [6.0] [cxt 0] Pipeline 'egress': end
[06:22:22.845] [bmv2] [D] [thread 9785] [6.0] [cxt 0] Deparser 'deparser': start
[06:22:22.845] [bmv2] [T] [thread 9785] [6.0] [cxt 0] Skipping checksum 'cksum' update because condition not met
[06:22:22.845] [bmv2] [D] [thread 9785] [6.0] [cxt 0] Deparsing header 'ethernet'
[06:22:22.845] [bmv2] [D] [thread 9785] [6.0] [cxt 0] Deparser 'deparser': end
[06:22:22.845] [bmv2] [D] [thread 9789] [5.0] [cxt 0] Transmitting packet of size 90 out of port 0
[06:22:22.845] [bmv2] [D] [thread 9789] [6.0] [cxt 0] Transmitting packet of size 70 out of port 0
[06:22:22.952] [bmv2] [D] [thread 9784] [7.0] [cxt 0] Processing packet received on port 2
[06:22:22.952] [bmv2] [D] [thread 9784] [7.0] [cxt 0] Parser 'parser': start
[06:22:22.952] [bmv2] [D] [thread 9784] [7.0] [cxt 0] Parser 'parser' entering state 'start'
[06:22:22.952] [bmv2] [D] [thread 9784] [7.0] [cxt 0] Extracting header 'ethernet'
[06:22:22.952] [bmv2] [D] [thread 9784] [7.0] [cxt 0] Parser state 'start': key is 86dd
[06:22:22.952] [bmv2] [T] [thread 9784] [7.0] [cxt 0] Bytes parsed: 14
[06:22:22.952] [bmv2] [D] [thread 9784] [7.0] [cxt 0] Parser 'parser': end
[06:22:22.952] [bmv2] [D] [thread 9784] [7.0] [cxt 0] Pipeline 'ingress': start
[06:22:22.952] [bmv2] [T] [thread 9784] [7.0] [cxt 0] p4src/ecmp.p4(86) Condition "standard_metadata.ingress_port < 6" (node_2) is true
[06:22:22.952] [bmv2] [T] [thread 9784] [7.0] [cxt 0] Applying table 'tbl_ecmp87'
[06:22:22.952] [bmv2] [D] [thread 9784] [7.0] [cxt 0] Looking up key:

[06:22:22.952] [bmv2] [D] [thread 9784] [7.0] [cxt 0] Table 'tbl_ecmp87': miss
[06:22:22.952] [bmv2] [D] [thread 9784] [7.0] [cxt 0] Action entry is ecmp87 - 
[06:22:22.952] [bmv2] [T] [thread 9784] [7.0] [cxt 0] Action ecmp87
[06:22:22.952] [bmv2] [T] [thread 9784] [7.0] [cxt 0] p4src/ecmp.p4(87) Primitive (bit<32>)standard_metadata.ingress_port
[06:22:22.952] [bmv2] [T] [thread 9784] [7.0] [cxt 0] p4src/ecmp.p4(87) Primitive port_ingress_counter.count((bit<32>)standard_metadata.ingress_port)
[06:22:22.952] [bmv2] [T] [thread 9784] [7.0] [cxt 0] Updated counter 'MyIngress.port_ingress_counter' at index 2
[06:22:22.952] [bmv2] [T] [thread 9784] [7.0] [cxt 0] p4src/ecmp.p4(90) Condition "hdr.ipv4.isValid()" (node_4) is false
[06:22:22.952] [bmv2] [D] [thread 9784] [7.0] [cxt 0] Pipeline 'ingress': end
[06:22:22.952] [bmv2] [D] [thread 9784] [7.0] [cxt 0] Egress port is 0
[06:22:22.952] [bmv2] [D] [thread 9785] [7.0] [cxt 0] Pipeline 'egress': start
[06:22:22.952] [bmv2] [T] [thread 9785] [7.0] [cxt 0] p4src/ecmp.p4(113) Condition "standard_metadata.egress_port < 6" (node_9) is true
[06:22:22.952] [bmv2] [T] [thread 9785] [7.0] [cxt 0] Applying table 'tbl_ecmp114'
[06:22:22.952] [bmv2] [D] [thread 9785] [7.0] [cxt 0] Looking up key:

[06:22:22.952] [bmv2] [D] [thread 9785] [7.0] [cxt 0] Table 'tbl_ecmp114': miss
[06:22:22.953] [bmv2] [D] [thread 9785] [7.0] [cxt 0] Action entry is ecmp114 - 
[06:22:22.953] [bmv2] [T] [thread 9785] [7.0] [cxt 0] Action ecmp114
[06:22:22.953] [bmv2] [T] [thread 9785] [7.0] [cxt 0] p4src/ecmp.p4(114) Primitive (bit<32>)standard_metadata.egress_port
[06:22:22.953] [bmv2] [T] [thread 9785] [7.0] [cxt 0] p4src/ecmp.p4(114) Primitive port_egress_counter.count((bit<32>)standard_metadata.egress_port)
[06:22:22.953] [bmv2] [T] [thread 9785] [7.0] [cxt 0] Updated counter 'MyEgress.port_egress_counter' at index 0
[06:22:22.953] [bmv2] [D] [thread 9785] [7.0] [cxt 0] Pipeline 'egress': end
[06:22:22.953] [bmv2] [D] [thread 9785] [7.0] [cxt 0] Deparser 'deparser': start
[06:22:22.953] [bmv2] [T] [thread 9785] [7.0] [cxt 0] Skipping checksum 'cksum' update because condition not met
[06:22:22.953] [bmv2] [D] [thread 9785] [7.0] [cxt 0] Deparsing header 'ethernet'
[06:22:22.953] [bmv2] [D] [thread 9785] [7.0] [cxt 0] Deparser 'deparser': end
[06:22:22.953] [bmv2] [D] [thread 9789] [7.0] [cxt 0] Transmitting packet of size 90 out of port 0
[06:22:23.061] [bmv2] [D] [thread 9784] [8.0] [cxt 0] Processing packet received on port 1
[06:22:23.062] [bmv2] [D] [thread 9784] [8.0] [cxt 0] Parser 'parser': start
[06:22:23.062] [bmv2] [D] [thread 9784] [8.0] [cxt 0] Parser 'parser' entering state 'start'
[06:22:23.062] [bmv2] [D] [thread 9784] [8.0] [cxt 0] Extracting header 'ethernet'
[06:22:23.062] [bmv2] [D] [thread 9784] [8.0] [cxt 0] Parser state 'start': key is 86dd
[06:22:23.062] [bmv2] [T] [thread 9784] [8.0] [cxt 0] Bytes parsed: 14
[06:22:23.062] [bmv2] [D] [thread 9784] [8.0] [cxt 0] Parser 'parser': end
[06:22:23.062] [bmv2] [D] [thread 9784] [8.0] [cxt 0] Pipeline 'ingress': start
[06:22:23.062] [bmv2] [T] [thread 9784] [8.0] [cxt 0] p4src/ecmp.p4(86) Condition "standard_metadata.ingress_port < 6" (node_2) is true
[06:22:23.062] [bmv2] [T] [thread 9784] [8.0] [cxt 0] Applying table 'tbl_ecmp87'
[06:22:23.062] [bmv2] [D] [thread 9784] [8.0] [cxt 0] Looking up key:

[06:22:23.062] [bmv2] [D] [thread 9784] [8.0] [cxt 0] Table 'tbl_ecmp87': miss
[06:22:23.062] [bmv2] [D] [thread 9784] [8.0] [cxt 0] Action entry is ecmp87 - 
[06:22:23.062] [bmv2] [T] [thread 9784] [8.0] [cxt 0] Action ecmp87
[06:22:23.062] [bmv2] [T] [thread 9784] [8.0] [cxt 0] p4src/ecmp.p4(87) Primitive (bit<32>)standard_metadata.ingress_port
[06:22:23.062] [bmv2] [T] [thread 9784] [8.0] [cxt 0] p4src/ecmp.p4(87) Primitive port_ingress_counter.count((bit<32>)standard_metadata.ingress_port)
[06:22:23.062] [bmv2] [T] [thread 9784] [8.0] [cxt 0] Updated counter 'MyIngress.port_ingress_counter' at index 1
[06:22:23.062] [bmv2] [T] [thread 9784] [8.0] [cxt 0] p4src/ecmp.p4(90) Condition "hdr.ipv4.isValid()" (node_4) is false
[06:22:23.062] [bmv2] [D] [thread 9784] [8.0] [cxt 0] Pipeline 'ingress': end
[06:22:23.062] [bmv2] [D] [thread 9784] [8.0] [cxt 0] Egress port is 0
[06:22:23.062] [bmv2] [D] [thread 9785] [8.0] [cxt 0] Pipeline 'egress': start
[06:22:23.062] [bmv2] [T] [thread 9785] [8.0] [cxt 0] p4src/ecmp.p4(113) Condition "standard_metadata.egress_port < 6" (node_9) is true
[06:22:23.062] [bmv2] [T] [thread 9785] [8.0] [cxt 0] Applying table 'tbl_ecmp114'
[06:22:23.062] [bmv2] [D] [thread 9785] [8.0] [cxt 0] Looking up key:

[06:22:23.062] [bmv2] [D] [thread 9785] [8.0] [cxt 0] Table 'tbl_ecmp114': miss
[06:22:23.062] [bmv2] [D] [thread 9785] [8.0] [cxt 0] Action entry is ecmp114 - 
[06:22:23.062] [bmv2] [T] [thread 9785] [8.0] [cxt 0] Action ecmp114
[06:22:23.062] [bmv2] [T] [thread 9785] [8.0] [cxt 0] p4src/ecmp.p4(114) Primitive (bit<32>)standard_metadata.egress_port
[06:22:23.062] [bmv2] [T] [thread 9785] [8.0] [cxt 0] p4src/ecmp.p4(114) Primitive port_egress_counter.count((bit<32>)standard_metadata.egress_port)
[06:22:23.062] [bmv2] [T] [thread 9785] [8.0] [cxt 0] Updated counter 'MyEgress.port_egress_counter' at index 0
[06:22:23.062] [bmv2] [D] [thread 9785] [8.0] [cxt 0] Pipeline 'egress': end
[06:22:23.062] [bmv2] [D] [thread 9785] [8.0] [cxt 0] Deparser 'deparser': start
[06:22:23.062] [bmv2] [T] [thread 9785] [8.0] [cxt 0] Skipping checksum 'cksum' update because condition not met
[06:22:23.062] [bmv2] [D] [thread 9785] [8.0] [cxt 0] Deparsing header 'ethernet'
[06:22:23.062] [bmv2] [D] [thread 9785] [8.0] [cxt 0] Deparser 'deparser': end
[06:22:23.062] [bmv2] [D] [thread 9789] [8.0] [cxt 0] Transmitting packet of size 90 out of port 0
[06:22:23.467] [bmv2] [D] [thread 9784] [9.0] [cxt 0] Processing packet received on port 1
[06:22:23.467] [bmv2] [D] [thread 9784] [9.0] [cxt 0] Parser 'parser': start
[06:22:23.467] [bmv2] [D] [thread 9784] [9.0] [cxt 0] Parser 'parser' entering state 'start'
[06:22:23.467] [bmv2] [D] [thread 9784] [9.0] [cxt 0] Extracting header 'ethernet'
[06:22:23.467] [bmv2] [D] [thread 9784] [9.0] [cxt 0] Parser state 'start': key is 86dd
[06:22:23.467] [bmv2] [T] [thread 9784] [9.0] [cxt 0] Bytes parsed: 14
[06:22:23.467] [bmv2] [D] [thread 9784] [9.0] [cxt 0] Parser 'parser': end
[06:22:23.467] [bmv2] [D] [thread 9784] [9.0] [cxt 0] Pipeline 'ingress': start
[06:22:23.467] [bmv2] [T] [thread 9784] [9.0] [cxt 0] p4src/ecmp.p4(86) Condition "standard_metadata.ingress_port < 6" (node_2) is true
[06:22:23.467] [bmv2] [T] [thread 9784] [9.0] [cxt 0] Applying table 'tbl_ecmp87'
[06:22:23.467] [bmv2] [D] [thread 9784] [9.0] [cxt 0] Looking up key:

[06:22:23.467] [bmv2] [D] [thread 9784] [9.0] [cxt 0] Table 'tbl_ecmp87': miss
[06:22:23.467] [bmv2] [D] [thread 9784] [9.0] [cxt 0] Action entry is ecmp87 - 
[06:22:23.467] [bmv2] [T] [thread 9784] [9.0] [cxt 0] Action ecmp87
[06:22:23.467] [bmv2] [T] [thread 9784] [9.0] [cxt 0] p4src/ecmp.p4(87) Primitive (bit<32>)standard_metadata.ingress_port
[06:22:23.467] [bmv2] [T] [thread 9784] [9.0] [cxt 0] p4src/ecmp.p4(87) Primitive port_ingress_counter.count((bit<32>)standard_metadata.ingress_port)
[06:22:23.467] [bmv2] [T] [thread 9784] [9.0] [cxt 0] Updated counter 'MyIngress.port_ingress_counter' at index 1
[06:22:23.467] [bmv2] [T] [thread 9784] [9.0] [cxt 0] p4src/ecmp.p4(90) Condition "hdr.ipv4.isValid()" (node_4) is false
[06:22:23.467] [bmv2] [D] [thread 9784] [9.0] [cxt 0] Pipeline 'ingress': end
[06:22:23.467] [bmv2] [D] [thread 9784] [9.0] [cxt 0] Egress port is 0
[06:22:23.467] [bmv2] [D] [thread 9785] [9.0] [cxt 0] Pipeline 'egress': start
[06:22:23.467] [bmv2] [T] [thread 9785] [9.0] [cxt 0] p4src/ecmp.p4(113) Condition "standard_metadata.egress_port < 6" (node_9) is true
[06:22:23.467] [bmv2] [T] [thread 9785] [9.0] [cxt 0] Applying table 'tbl_ecmp114'
[06:22:23.467] [bmv2] [D] [thread 9785] [9.0] [cxt 0] Looking up key:

[06:22:23.467] [bmv2] [D] [thread 9785] [9.0] [cxt 0] Table 'tbl_ecmp114': miss
[06:22:23.467] [bmv2] [D] [thread 9785] [9.0] [cxt 0] Action entry is ecmp114 - 
[06:22:23.467] [bmv2] [T] [thread 9785] [9.0] [cxt 0] Action ecmp114
[06:22:23.467] [bmv2] [T] [thread 9785] [9.0] [cxt 0] p4src/ecmp.p4(114) Primitive (bit<32>)standard_metadata.egress_port
[06:22:23.467] [bmv2] [T] [thread 9785] [9.0] [cxt 0] p4src/ecmp.p4(114) Primitive port_egress_counter.count((bit<32>)standard_metadata.egress_port)
[06:22:23.467] [bmv2] [T] [thread 9785] [9.0] [cxt 0] Updated counter 'MyEgress.port_egress_counter' at index 0
[06:22:23.467] [bmv2] [D] [thread 9785] [9.0] [cxt 0] Pipeline 'egress': end
[06:22:23.467] [bmv2] [D] [thread 9785] [9.0] [cxt 0] Deparser 'deparser': start
[06:22:23.467] [bmv2] [T] [thread 9785] [9.0] [cxt 0] Skipping checksum 'cksum' update because condition not met
[06:22:23.467] [bmv2] [D] [thread 9785] [9.0] [cxt 0] Deparsing header 'ethernet'
[06:22:23.467] [bmv2] [D] [thread 9785] [9.0] [cxt 0] Deparser 'deparser': end
[06:22:23.467] [bmv2] [D] [thread 9789] [9.0] [cxt 0] Transmitting packet of size 90 out of port 0
[06:22:26.378] [bmv2] [D] [thread 9784] [10.0] [cxt 0] Processing packet received on port 2
[06:22:26.378] [bmv2] [D] [thread 9784] [10.0] [cxt 0] Parser 'parser': start
[06:22:26.378] [bmv2] [D] [thread 9784] [10.0] [cxt 0] Parser 'parser' entering state 'start'
[06:22:26.378] [bmv2] [D] [thread 9784] [10.0] [cxt 0] Extracting header 'ethernet'
[06:22:26.378] [bmv2] [D] [thread 9784] [10.0] [cxt 0] Parser state 'start': key is 86dd
[06:22:26.378] [bmv2] [T] [thread 9784] [10.0] [cxt 0] Bytes parsed: 14
[06:22:26.378] [bmv2] [D] [thread 9784] [10.0] [cxt 0] Parser 'parser': end
[06:22:26.378] [bmv2] [D] [thread 9784] [10.0] [cxt 0] Pipeline 'ingress': start
[06:22:26.378] [bmv2] [T] [thread 9784] [10.0] [cxt 0] p4src/ecmp.p4(86) Condition "standard_metadata.ingress_port < 6" (node_2) is true
[06:22:26.378] [bmv2] [T] [thread 9784] [10.0] [cxt 0] Applying table 'tbl_ecmp87'
[06:22:26.378] [bmv2] [D] [thread 9784] [10.0] [cxt 0] Looking up key:

[06:22:26.378] [bmv2] [D] [thread 9784] [10.0] [cxt 0] Table 'tbl_ecmp87': miss
[06:22:26.378] [bmv2] [D] [thread 9784] [10.0] [cxt 0] Action entry is ecmp87 - 
[06:22:26.378] [bmv2] [T] [thread 9784] [10.0] [cxt 0] Action ecmp87
[06:22:26.378] [bmv2] [T] [thread 9784] [10.0] [cxt 0] p4src/ecmp.p4(87) Primitive (bit<32>)standard_metadata.ingress_port
[06:22:26.378] [bmv2] [T] [thread 9784] [10.0] [cxt 0] p4src/ecmp.p4(87) Primitive port_ingress_counter.count((bit<32>)standard_metadata.ingress_port)
[06:22:26.378] [bmv2] [T] [thread 9784] [10.0] [cxt 0] Updated counter 'MyIngress.port_ingress_counter' at index 2
[06:22:26.378] [bmv2] [T] [thread 9784] [10.0] [cxt 0] p4src/ecmp.p4(90) Condition "hdr.ipv4.isValid()" (node_4) is false
[06:22:26.378] [bmv2] [D] [thread 9784] [10.0] [cxt 0] Pipeline 'ingress': end
[06:22:26.378] [bmv2] [D] [thread 9784] [10.0] [cxt 0] Egress port is 0
[06:22:26.378] [bmv2] [D] [thread 9785] [10.0] [cxt 0] Pipeline 'egress': start
[06:22:26.379] [bmv2] [T] [thread 9785] [10.0] [cxt 0] p4src/ecmp.p4(113) Condition "standard_metadata.egress_port < 6" (node_9) is true
[06:22:26.379] [bmv2] [T] [thread 9785] [10.0] [cxt 0] Applying table 'tbl_ecmp114'
[06:22:26.379] [bmv2] [D] [thread 9785] [10.0] [cxt 0] Looking up key:

[06:22:26.379] [bmv2] [D] [thread 9785] [10.0] [cxt 0] Table 'tbl_ecmp114': miss
[06:22:26.379] [bmv2] [D] [thread 9785] [10.0] [cxt 0] Action entry is ecmp114 - 
[06:22:26.379] [bmv2] [T] [thread 9785] [10.0] [cxt 0] Action ecmp114
[06:22:26.379] [bmv2] [T] [thread 9785] [10.0] [cxt 0] p4src/ecmp.p4(114) Primitive (bit<32>)standard_metadata.egress_port
[06:22:26.379] [bmv2] [T] [thread 9785] [10.0] [cxt 0] p4src/ecmp.p4(114) Primitive port_egress_counter.count((bit<32>)standard_metadata.egress_port)
[06:22:26.379] [bmv2] [T] [thread 9785] [10.0] [cxt 0] Updated counter 'MyEgress.port_egress_counter' at index 0
[06:22:26.379] [bmv2] [D] [thread 9785] [10.0] [cxt 0] Pipeline 'egress': end
[06:22:26.379] [bmv2] [D] [thread 9785] [10.0] [cxt 0] Deparser 'deparser': start
[06:22:26.379] [bmv2] [T] [thread 9785] [10.0] [cxt 0] Skipping checksum 'cksum' update because condition not met
[06:22:26.379] [bmv2] [D] [thread 9785] [10.0] [cxt 0] Deparsing header 'ethernet'
[06:22:26.379] [bmv2] [D] [thread 9785] [10.0] [cxt 0] Deparser 'deparser': end
[06:22:26.379] [bmv2] [D] [thread 9789] [10.0] [cxt 0] Transmitting packet of size 70 out of port 0
[06:22:26.584] [bmv2] [D] [thread 9784] [11.0] [cxt 0] Processing packet received on port 1
[06:22:26.584] [bmv2] [D] [thread 9784] [11.0] [cxt 0] Parser 'parser': start
[06:22:26.584] [bmv2] [D] [thread 9784] [11.0] [cxt 0] Parser 'parser' entering state 'start'
[06:22:26.584] [bmv2] [D] [thread 9784] [11.0] [cxt 0] Extracting header 'ethernet'
[06:22:26.584] [bmv2] [D] [thread 9784] [11.0] [cxt 0] Parser state 'start': key is 86dd
[06:22:26.584] [bmv2] [T] [thread 9784] [11.0] [cxt 0] Bytes parsed: 14
[06:22:26.584] [bmv2] [D] [thread 9784] [11.0] [cxt 0] Parser 'parser': end
[06:22:26.584] [bmv2] [D] [thread 9784] [11.0] [cxt 0] Pipeline 'ingress': start
[06:22:26.584] [bmv2] [T] [thread 9784] [11.0] [cxt 0] p4src/ecmp.p4(86) Condition "standard_metadata.ingress_port < 6" (node_2) is true
[06:22:26.584] [bmv2] [T] [thread 9784] [11.0] [cxt 0] Applying table 'tbl_ecmp87'
[06:22:26.584] [bmv2] [D] [thread 9784] [11.0] [cxt 0] Looking up key:

[06:22:26.584] [bmv2] [D] [thread 9784] [11.0] [cxt 0] Table 'tbl_ecmp87': miss
[06:22:26.584] [bmv2] [D] [thread 9784] [11.0] [cxt 0] Action entry is ecmp87 - 
[06:22:26.584] [bmv2] [T] [thread 9784] [11.0] [cxt 0] Action ecmp87
[06:22:26.584] [bmv2] [T] [thread 9784] [11.0] [cxt 0] p4src/ecmp.p4(87) Primitive (bit<32>)standard_metadata.ingress_port
[06:22:26.584] [bmv2] [T] [thread 9784] [11.0] [cxt 0] p4src/ecmp.p4(87) Primitive port_ingress_counter.count((bit<32>)standard_metadata.ingress_port)
[06:22:26.584] [bmv2] [T] [thread 9784] [11.0] [cxt 0] Updated counter 'MyIngress.port_ingress_counter' at index 1
[06:22:26.584] [bmv2] [T] [thread 9784] [11.0] [cxt 0] p4src/ecmp.p4(90) Condition "hdr.ipv4.isValid()" (node_4) is false
[06:22:26.584] [bmv2] [D] [thread 9784] [11.0] [cxt 0] Pipeline 'ingress': end
[06:22:26.584] [bmv2] [D] [thread 9784] [11.0] [cxt 0] Egress port is 0
[06:22:26.585] [bmv2] [D] [thread 9785] [11.0] [cxt 0] Pipeline 'egress': start
[06:22:26.585] [bmv2] [T] [thread 9785] [11.0] [cxt 0] p4src/ecmp.p4(113) Condition "standard_metadata.egress_port < 6" (node_9) is true
[06:22:26.585] [bmv2] [T] [thread 9785] [11.0] [cxt 0] Applying table 'tbl_ecmp114'
[06:22:26.585] [bmv2] [D] [thread 9785] [11.0] [cxt 0] Looking up key:

[06:22:26.585] [bmv2] [D] [thread 9785] [11.0] [cxt 0] Table 'tbl_ecmp114': miss
[06:22:26.585] [bmv2] [D] [thread 9785] [11.0] [cxt 0] Action entry is ecmp114 - 
[06:22:26.585] [bmv2] [T] [thread 9785] [11.0] [cxt 0] Action ecmp114
[06:22:26.585] [bmv2] [T] [thread 9785] [11.0] [cxt 0] p4src/ecmp.p4(114) Primitive (bit<32>)standard_metadata.egress_port
[06:22:26.585] [bmv2] [T] [thread 9785] [11.0] [cxt 0] p4src/ecmp.p4(114) Primitive port_egress_counter.count((bit<32>)standard_metadata.egress_port)
[06:22:26.585] [bmv2] [T] [thread 9785] [11.0] [cxt 0] Updated counter 'MyEgress.port_egress_counter' at index 0
[06:22:26.585] [bmv2] [D] [thread 9785] [11.0] [cxt 0] Pipeline 'egress': end
[06:22:26.585] [bmv2] [D] [thread 9785] [11.0] [cxt 0] Deparser 'deparser': start
[06:22:26.585] [bmv2] [T] [thread 9785] [11.0] [cxt 0] Skipping checksum 'cksum' update because condition not met
[06:22:26.585] [bmv2] [D] [thread 9785] [11.0] [cxt 0] Deparsing header 'ethernet'
[06:22:26.585] [bmv2] [D] [thread 9785] [11.0] [cxt 0] Deparser 'deparser': end
[06:22:26.585] [bmv2] [D] [thread 9789] [11.0] [cxt 0] Transmitting packet of size 70 out of port 0
[06:22:26.808] [bmv2] [D] [thread 9784] [12.0] [cxt 0] Processing packet received on port 2
[06:22:26.808] [bmv2] [D] [thread 9784] [12.0] [cxt 0] Parser 'parser': start
[06:22:26.808] [bmv2] [D] [thread 9784] [12.0] [cxt 0] Parser 'parser' entering state 'start'
[06:22:26.808] [bmv2] [D] [thread 9784] [12.0] [cxt 0] Extracting header 'ethernet'
[06:22:26.808] [bmv2] [D] [thread 9784] [12.0] [cxt 0] Parser state 'start': key is 86dd
[06:22:26.808] [bmv2] [T] [thread 9784] [12.0] [cxt 0] Bytes parsed: 14
[06:22:26.808] [bmv2] [D] [thread 9784] [12.0] [cxt 0] Parser 'parser': end
[06:22:26.808] [bmv2] [D] [thread 9784] [12.0] [cxt 0] Pipeline 'ingress': start
[06:22:26.808] [bmv2] [T] [thread 9784] [12.0] [cxt 0] p4src/ecmp.p4(86) Condition "standard_metadata.ingress_port < 6" (node_2) is true
[06:22:26.808] [bmv2] [T] [thread 9784] [12.0] [cxt 0] Applying table 'tbl_ecmp87'
[06:22:26.808] [bmv2] [D] [thread 9784] [12.0] [cxt 0] Looking up key:

[06:22:26.808] [bmv2] [D] [thread 9784] [12.0] [cxt 0] Table 'tbl_ecmp87': miss
[06:22:26.808] [bmv2] [D] [thread 9784] [12.0] [cxt 0] Action entry is ecmp87 - 
[06:22:26.808] [bmv2] [T] [thread 9784] [12.0] [cxt 0] Action ecmp87
[06:22:26.808] [bmv2] [T] [thread 9784] [12.0] [cxt 0] p4src/ecmp.p4(87) Primitive (bit<32>)standard_metadata.ingress_port
[06:22:26.808] [bmv2] [T] [thread 9784] [12.0] [cxt 0] p4src/ecmp.p4(87) Primitive port_ingress_counter.count((bit<32>)standard_metadata.ingress_port)
[06:22:26.808] [bmv2] [T] [thread 9784] [12.0] [cxt 0] Updated counter 'MyIngress.port_ingress_counter' at index 2
[06:22:26.808] [bmv2] [T] [thread 9784] [12.0] [cxt 0] p4src/ecmp.p4(90) Condition "hdr.ipv4.isValid()" (node_4) is false
[06:22:26.808] [bmv2] [D] [thread 9784] [12.0] [cxt 0] Pipeline 'ingress': end
[06:22:26.808] [bmv2] [D] [thread 9784] [12.0] [cxt 0] Egress port is 0
[06:22:26.808] [bmv2] [D] [thread 9785] [12.0] [cxt 0] Pipeline 'egress': start
[06:22:26.808] [bmv2] [T] [thread 9785] [12.0] [cxt 0] p4src/ecmp.p4(113) Condition "standard_metadata.egress_port < 6" (node_9) is true
[06:22:26.808] [bmv2] [T] [thread 9785] [12.0] [cxt 0] Applying table 'tbl_ecmp114'
[06:22:26.808] [bmv2] [D] [thread 9785] [12.0] [cxt 0] Looking up key:

[06:22:26.808] [bmv2] [D] [thread 9785] [12.0] [cxt 0] Table 'tbl_ecmp114': miss
[06:22:26.808] [bmv2] [D] [thread 9785] [12.0] [cxt 0] Action entry is ecmp114 - 
[06:22:26.808] [bmv2] [T] [thread 9785] [12.0] [cxt 0] Action ecmp114
[06:22:26.808] [bmv2] [T] [thread 9785] [12.0] [cxt 0] p4src/ecmp.p4(114) Primitive (bit<32>)standard_metadata.egress_port
[06:22:26.808] [bmv2] [T] [thread 9785] [12.0] [cxt 0] p4src/ecmp.p4(114) Primitive port_egress_counter.count((bit<32>)standard_metadata.egress_port)
[06:22:26.808] [bmv2] [T] [thread 9785] [12.0] [cxt 0] Updated counter 'MyEgress.port_egress_counter' at index 0
[06:22:26.808] [bmv2] [D] [thread 9785] [12.0] [cxt 0] Pipeline 'egress': end
[06:22:26.808] [bmv2] [D] [thread 9785] [12.0] [cxt 0] Deparser 'deparser': start
[06:22:26.808] [bmv2] [T] [thread 9785] [12.0] [cxt 0] Skipping checksum 'cksum' update because condition not met
[06:22:26.808] [bmv2] [D] [thread 9785] [12.0] [cxt 0] Deparsing header 'ethernet'
[06:22:26.808] [bmv2] [D] [thread 9785] [12.0] [cxt 0] Deparser 'deparser': end
[06:22:26.808] [bmv2] [D] [thread 9789] [12.0] [cxt 0] Transmitting packet of size 70 out of port 0
[06:22:26.856] [bmv2] [D] [thread 9784] [13.0] [cxt 0] Processing packet received on port 1
[06:22:26.856] [bmv2] [D] [thread 9784] [13.0] [cxt 0] Parser 'parser': start
[06:22:26.856] [bmv2] [D] [thread 9784] [13.0] [cxt 0] Parser 'parser' entering state 'start'
[06:22:26.856] [bmv2] [D] [thread 9784] [13.0] [cxt 0] Extracting header 'ethernet'
[06:22:26.856] [bmv2] [D] [thread 9784] [13.0] [cxt 0] Parser state 'start': key is 86dd
[06:22:26.856] [bmv2] [T] [thread 9784] [13.0] [cxt 0] Bytes parsed: 14
[06:22:26.856] [bmv2] [D] [thread 9784] [13.0] [cxt 0] Parser 'parser': end
[06:22:26.856] [bmv2] [D] [thread 9784] [13.0] [cxt 0] Pipeline 'ingress': start
[06:22:26.856] [bmv2] [T] [thread 9784] [13.0] [cxt 0] p4src/ecmp.p4(86) Condition "standard_metadata.ingress_port < 6" (node_2) is true
[06:22:26.856] [bmv2] [T] [thread 9784] [13.0] [cxt 0] Applying table 'tbl_ecmp87'
[06:22:26.856] [bmv2] [D] [thread 9784] [13.0] [cxt 0] Looking up key:

[06:22:26.856] [bmv2] [D] [thread 9784] [13.0] [cxt 0] Table 'tbl_ecmp87': miss
[06:22:26.856] [bmv2] [D] [thread 9784] [13.0] [cxt 0] Action entry is ecmp87 - 
[06:22:26.856] [bmv2] [T] [thread 9784] [13.0] [cxt 0] Action ecmp87
[06:22:26.856] [bmv2] [T] [thread 9784] [13.0] [cxt 0] p4src/ecmp.p4(87) Primitive (bit<32>)standard_metadata.ingress_port
[06:22:26.856] [bmv2] [T] [thread 9784] [13.0] [cxt 0] p4src/ecmp.p4(87) Primitive port_ingress_counter.count((bit<32>)standard_metadata.ingress_port)
[06:22:26.856] [bmv2] [T] [thread 9784] [13.0] [cxt 0] Updated counter 'MyIngress.port_ingress_counter' at index 1
[06:22:26.856] [bmv2] [T] [thread 9784] [13.0] [cxt 0] p4src/ecmp.p4(90) Condition "hdr.ipv4.isValid()" (node_4) is false
[06:22:26.856] [bmv2] [D] [thread 9784] [13.0] [cxt 0] Pipeline 'ingress': end
[06:22:26.856] [bmv2] [D] [thread 9784] [13.0] [cxt 0] Egress port is 0
[06:22:26.856] [bmv2] [D] [thread 9785] [13.0] [cxt 0] Pipeline 'egress': start
[06:22:26.856] [bmv2] [T] [thread 9785] [13.0] [cxt 0] p4src/ecmp.p4(113) Condition "standard_metadata.egress_port < 6" (node_9) is true
[06:22:26.856] [bmv2] [T] [thread 9785] [13.0] [cxt 0] Applying table 'tbl_ecmp114'
[06:22:26.856] [bmv2] [D] [thread 9785] [13.0] [cxt 0] Looking up key:

[06:22:26.856] [bmv2] [D] [thread 9785] [13.0] [cxt 0] Table 'tbl_ecmp114': miss
[06:22:26.856] [bmv2] [D] [thread 9785] [13.0] [cxt 0] Action entry is ecmp114 - 
[06:22:26.856] [bmv2] [T] [thread 9785] [13.0] [cxt 0] Action ecmp114
[06:22:26.856] [bmv2] [T] [thread 9785] [13.0] [cxt 0] p4src/ecmp.p4(114) Primitive (bit<32>)standard_metadata.egress_port
[06:22:26.856] [bmv2] [T] [thread 9785] [13.0] [cxt 0] p4src/ecmp.p4(114) Primitive port_egress_counter.count((bit<32>)standard_metadata.egress_port)
[06:22:26.856] [bmv2] [T] [thread 9785] [13.0] [cxt 0] Updated counter 'MyEgress.port_egress_counter' at index 0
[06:22:26.856] [bmv2] [D] [thread 9785] [13.0] [cxt 0] Pipeline 'egress': end
[06:22:26.856] [bmv2] [D] [thread 9785] [13.0] [cxt 0] Deparser 'deparser': start
[06:22:26.856] [bmv2] [T] [thread 9785] [13.0] [cxt 0] Skipping checksum 'cksum' update because condition not met
[06:22:26.856] [bmv2] [D] [thread 9785] [13.0] [cxt 0] Deparsing header 'ethernet'
[06:22:26.856] [bmv2] [D] [thread 9785] [13.0] [cxt 0] Deparser 'deparser': end
[06:22:26.856] [bmv2] [D] [thread 9789] [13.0] [cxt 0] Transmitting packet of size 70 out of port 0
[06:22:44.208] [bmv2] [T] [thread 9977] bm_get_config
[06:22:44.209] [bmv2] [T] [thread 9977] bm_mt_get_entries
[06:22:44.209] [bmv2] [T] [thread 9977] bm_mt_get_entries
[06:22:44.217] [bmv2] [T] [thread 9977] bm_reset_state
[06:22:44.218] [bmv2] [D] [thread 9977] Resetting simple_switch target-specific state
[06:22:44.218] [bmv2] [D] [thread 9977] resetting PRE state
[06:22:44.224] [bmv2] [T] [thread 9977] bm_set_default_action
[06:22:44.224] [bmv2] [D] [thread 9977] Set default entry for table 'MyIngress.ipv4_lpm': MyIngress.drop - 
[06:22:44.224] [bmv2] [T] [thread 9977] bm_set_default_action
[06:22:44.225] [bmv2] [D] [thread 9977] Set default entry for table 'MyIngress.ecmp_group_to_nhop': MyIngress.drop - 
[06:22:44.228] [bmv2] [T] [thread 9977] bm_table_add_entry
[06:22:44.228] [bmv2] [D] [thread 9977] Entry 0 added to table 'MyIngress.ipv4_lpm'
[06:22:44.228] [bmv2] [D] [thread 9977] Dumping entry 0
Match key:
* hdr.ipv4.dstAddr    : LPM       0a000101/24
Action entry: MyIngress.set_nhop - 1ef126b5ec7f,1,

[06:22:44.228] [bmv2] [T] [thread 9977] bm_table_add_entry
[06:22:44.228] [bmv2] [D] [thread 9977] Entry 1 added to table 'MyIngress.ipv4_lpm'
[06:22:44.228] [bmv2] [D] [thread 9977] Dumping entry 1
Match key:
* hdr.ipv4.dstAddr    : LPM       0a000602/24
Action entry: MyIngress.set_nhop - b66c808f893a,2,

[06:23:00.127] [bmv2] [D] [thread 9784] [14.0] [cxt 0] Processing packet received on port 2
[06:23:00.127] [bmv2] [D] [thread 9784] [14.0] [cxt 0] Parser 'parser': start
[06:23:00.127] [bmv2] [D] [thread 9784] [14.0] [cxt 0] Parser 'parser' entering state 'start'
[06:23:00.127] [bmv2] [D] [thread 9784] [14.0] [cxt 0] Extracting header 'ethernet'
[06:23:00.127] [bmv2] [D] [thread 9784] [14.0] [cxt 0] Parser state 'start': key is 0800
[06:23:00.127] [bmv2] [T] [thread 9784] [14.0] [cxt 0] Bytes parsed: 14
[06:23:00.127] [bmv2] [D] [thread 9784] [14.0] [cxt 0] Parser 'parser' entering state 'parse_ipv4'
[06:23:00.127] [bmv2] [D] [thread 9784] [14.0] [cxt 0] Extracting header 'ipv4'
[06:23:00.127] [bmv2] [D] [thread 9784] [14.0] [cxt 0] Parser state 'parse_ipv4': key is 01
[06:23:00.127] [bmv2] [T] [thread 9784] [14.0] [cxt 0] Bytes parsed: 34
[06:23:00.127] [bmv2] [D] [thread 9784] [14.0] [cxt 0] Parser 'parser': end
[06:23:00.127] [bmv2] [D] [thread 9784] [14.0] [cxt 0] Pipeline 'ingress': start
[06:23:00.127] [bmv2] [T] [thread 9784] [14.0] [cxt 0] p4src/ecmp.p4(86) Condition "standard_metadata.ingress_port < 6" (node_2) is true
[06:23:00.127] [bmv2] [T] [thread 9784] [14.0] [cxt 0] Applying table 'tbl_ecmp87'
[06:23:00.127] [bmv2] [D] [thread 9784] [14.0] [cxt 0] Looking up key:

[06:23:00.127] [bmv2] [D] [thread 9784] [14.0] [cxt 0] Table 'tbl_ecmp87': miss
[06:23:00.127] [bmv2] [D] [thread 9784] [14.0] [cxt 0] Action entry is ecmp87 - 
[06:23:00.127] [bmv2] [T] [thread 9784] [14.0] [cxt 0] Action ecmp87
[06:23:00.127] [bmv2] [T] [thread 9784] [14.0] [cxt 0] p4src/ecmp.p4(87) Primitive (bit<32>)standard_metadata.ingress_port
[06:23:00.127] [bmv2] [T] [thread 9784] [14.0] [cxt 0] p4src/ecmp.p4(87) Primitive port_ingress_counter.count((bit<32>)standard_metadata.ingress_port)
[06:23:00.127] [bmv2] [T] [thread 9784] [14.0] [cxt 0] Updated counter 'MyIngress.port_ingress_counter' at index 2
[06:23:00.127] [bmv2] [T] [thread 9784] [14.0] [cxt 0] p4src/ecmp.p4(90) Condition "hdr.ipv4.isValid()" (node_4) is true
[06:23:00.127] [bmv2] [T] [thread 9784] [14.0] [cxt 0] Applying table 'MyIngress.ipv4_lpm'
[06:23:00.127] [bmv2] [D] [thread 9784] [14.0] [cxt 0] Looking up key:
* hdr.ipv4.dstAddr    : 0a000101

[06:23:00.127] [bmv2] [D] [thread 9784] [14.0] [cxt 0] Table 'MyIngress.ipv4_lpm': hit with handle 0
[06:23:00.127] [bmv2] [D] [thread 9784] [14.0] [cxt 0] Dumping entry 0
Match key:
* hdr.ipv4.dstAddr    : LPM       0a000101/24
Action entry: MyIngress.set_nhop - 1ef126b5ec7f,1,

[06:23:00.127] [bmv2] [D] [thread 9784] [14.0] [cxt 0] Action entry is MyIngress.set_nhop - 1ef126b5ec7f,1,
[06:23:00.127] [bmv2] [T] [thread 9784] [14.0] [cxt 0] Action MyIngress.set_nhop
[06:23:00.127] [bmv2] [T] [thread 9784] [14.0] [cxt 0] p4src/ecmp.p4(48) Primitive hdr.ethernet.srcAddr = hdr.ethernet.dstAddr
[06:23:00.127] [bmv2] [T] [thread 9784] [14.0] [cxt 0] p4src/ecmp.p4(50) Primitive hdr.ethernet.dstAddr = dstAddr
[06:23:00.127] [bmv2] [T] [thread 9784] [14.0] [cxt 0] p4src/ecmp.p4(53) Primitive standard_metadata.egress_spec = port
[06:23:00.127] [bmv2] [T] [thread 9784] [14.0] [cxt 0] p4src/ecmp.p4(56) Primitive hdr.ipv4.ttl = hdr.ipv4.ttl - 1
[06:23:00.127] [bmv2] [D] [thread 9784] [14.0] [cxt 0] Pipeline 'ingress': end
[06:23:00.127] [bmv2] [D] [thread 9784] [14.0] [cxt 0] Egress port is 1
[06:23:00.127] [bmv2] [D] [thread 9786] [14.0] [cxt 0] Pipeline 'egress': start
[06:23:00.127] [bmv2] [T] [thread 9786] [14.0] [cxt 0] p4src/ecmp.p4(113) Condition "standard_metadata.egress_port < 6" (node_9) is true
[06:23:00.127] [bmv2] [T] [thread 9786] [14.0] [cxt 0] Applying table 'tbl_ecmp114'
[06:23:00.127] [bmv2] [D] [thread 9786] [14.0] [cxt 0] Looking up key:

[06:23:00.127] [bmv2] [D] [thread 9786] [14.0] [cxt 0] Table 'tbl_ecmp114': miss
[06:23:00.127] [bmv2] [D] [thread 9786] [14.0] [cxt 0] Action entry is ecmp114 - 
[06:23:00.127] [bmv2] [T] [thread 9786] [14.0] [cxt 0] Action ecmp114
[06:23:00.127] [bmv2] [T] [thread 9786] [14.0] [cxt 0] p4src/ecmp.p4(114) Primitive (bit<32>)standard_metadata.egress_port
[06:23:00.127] [bmv2] [T] [thread 9786] [14.0] [cxt 0] p4src/ecmp.p4(114) Primitive port_egress_counter.count((bit<32>)standard_metadata.egress_port)
[06:23:00.127] [bmv2] [T] [thread 9786] [14.0] [cxt 0] Updated counter 'MyEgress.port_egress_counter' at index 1
[06:23:00.127] [bmv2] [D] [thread 9786] [14.0] [cxt 0] Pipeline 'egress': end
[06:23:00.127] [bmv2] [D] [thread 9786] [14.0] [cxt 0] Deparser 'deparser': start
[06:23:00.127] [bmv2] [D] [thread 9786] [14.0] [cxt 0] Updating checksum 'cksum'
[06:23:00.127] [bmv2] [D] [thread 9786] [14.0] [cxt 0] Deparsing header 'ethernet'
[06:23:00.127] [bmv2] [D] [thread 9786] [14.0] [cxt 0] Deparsing header 'ipv4'
[06:23:00.127] [bmv2] [D] [thread 9786] [14.0] [cxt 0] Deparser 'deparser': end
[06:23:00.127] [bmv2] [D] [thread 9789] [14.0] [cxt 0] Transmitting packet of size 98 out of port 1
[06:23:00.130] [bmv2] [D] [thread 9784] [15.0] [cxt 0] Processing packet received on port 2
[06:23:00.130] [bmv2] [D] [thread 9784] [15.0] [cxt 0] Parser 'parser': start
[06:23:00.130] [bmv2] [D] [thread 9784] [15.0] [cxt 0] Parser 'parser' entering state 'start'
[06:23:00.130] [bmv2] [D] [thread 9784] [15.0] [cxt 0] Extracting header 'ethernet'
[06:23:00.130] [bmv2] [D] [thread 9784] [15.0] [cxt 0] Parser state 'start': key is 0800
[06:23:00.130] [bmv2] [T] [thread 9784] [15.0] [cxt 0] Bytes parsed: 14
[06:23:00.130] [bmv2] [D] [thread 9784] [15.0] [cxt 0] Parser 'parser' entering state 'parse_ipv4'
[06:23:00.130] [bmv2] [D] [thread 9784] [15.0] [cxt 0] Extracting header 'ipv4'
[06:23:00.130] [bmv2] [D] [thread 9784] [15.0] [cxt 0] Parser state 'parse_ipv4': key is 01
[06:23:00.130] [bmv2] [T] [thread 9784] [15.0] [cxt 0] Bytes parsed: 34
[06:23:00.130] [bmv2] [D] [thread 9784] [15.0] [cxt 0] Parser 'parser': end
[06:23:00.130] [bmv2] [D] [thread 9784] [15.0] [cxt 0] Pipeline 'ingress': start
[06:23:00.130] [bmv2] [T] [thread 9784] [15.0] [cxt 0] p4src/ecmp.p4(86) Condition "standard_metadata.ingress_port < 6" (node_2) is true
[06:23:00.130] [bmv2] [T] [thread 9784] [15.0] [cxt 0] Applying table 'tbl_ecmp87'
[06:23:00.130] [bmv2] [D] [thread 9784] [15.0] [cxt 0] Looking up key:

[06:23:00.130] [bmv2] [D] [thread 9784] [15.0] [cxt 0] Table 'tbl_ecmp87': miss
[06:23:00.130] [bmv2] [D] [thread 9784] [15.0] [cxt 0] Action entry is ecmp87 - 
[06:23:00.130] [bmv2] [T] [thread 9784] [15.0] [cxt 0] Action ecmp87
[06:23:00.130] [bmv2] [T] [thread 9784] [15.0] [cxt 0] p4src/ecmp.p4(87) Primitive (bit<32>)standard_metadata.ingress_port
[06:23:00.130] [bmv2] [T] [thread 9784] [15.0] [cxt 0] p4src/ecmp.p4(87) Primitive port_ingress_counter.count((bit<32>)standard_metadata.ingress_port)
[06:23:00.130] [bmv2] [T] [thread 9784] [15.0] [cxt 0] Updated counter 'MyIngress.port_ingress_counter' at index 2
[06:23:00.130] [bmv2] [T] [thread 9784] [15.0] [cxt 0] p4src/ecmp.p4(90) Condition "hdr.ipv4.isValid()" (node_4) is true
[06:23:00.130] [bmv2] [T] [thread 9784] [15.0] [cxt 0] Applying table 'MyIngress.ipv4_lpm'
[06:23:00.130] [bmv2] [D] [thread 9784] [15.0] [cxt 0] Looking up key:
* hdr.ipv4.dstAddr    : 0a000101

[06:23:00.130] [bmv2] [D] [thread 9784] [15.0] [cxt 0] Table 'MyIngress.ipv4_lpm': hit with handle 0
[06:23:00.130] [bmv2] [D] [thread 9784] [15.0] [cxt 0] Dumping entry 0
Match key:
* hdr.ipv4.dstAddr    : LPM       0a000101/24
Action entry: MyIngress.set_nhop - 1ef126b5ec7f,1,

[06:23:00.130] [bmv2] [D] [thread 9784] [15.0] [cxt 0] Action entry is MyIngress.set_nhop - 1ef126b5ec7f,1,
[06:23:00.130] [bmv2] [T] [thread 9784] [15.0] [cxt 0] Action MyIngress.set_nhop
[06:23:00.130] [bmv2] [T] [thread 9784] [15.0] [cxt 0] p4src/ecmp.p4(48) Primitive hdr.ethernet.srcAddr = hdr.ethernet.dstAddr
[06:23:00.130] [bmv2] [T] [thread 9784] [15.0] [cxt 0] p4src/ecmp.p4(50) Primitive hdr.ethernet.dstAddr = dstAddr
[06:23:00.130] [bmv2] [T] [thread 9784] [15.0] [cxt 0] p4src/ecmp.p4(53) Primitive standard_metadata.egress_spec = port
[06:23:00.130] [bmv2] [T] [thread 9784] [15.0] [cxt 0] p4src/ecmp.p4(56) Primitive hdr.ipv4.ttl = hdr.ipv4.ttl - 1
[06:23:00.130] [bmv2] [D] [thread 9784] [15.0] [cxt 0] Pipeline 'ingress': end
[06:23:00.130] [bmv2] [D] [thread 9784] [15.0] [cxt 0] Egress port is 1
[06:23:00.131] [bmv2] [D] [thread 9786] [15.0] [cxt 0] Pipeline 'egress': start
[06:23:00.131] [bmv2] [T] [thread 9786] [15.0] [cxt 0] p4src/ecmp.p4(113) Condition "standard_metadata.egress_port < 6" (node_9) is true
[06:23:00.131] [bmv2] [T] [thread 9786] [15.0] [cxt 0] Applying table 'tbl_ecmp114'
[06:23:00.131] [bmv2] [D] [thread 9786] [15.0] [cxt 0] Looking up key:

[06:23:00.131] [bmv2] [D] [thread 9786] [15.0] [cxt 0] Table 'tbl_ecmp114': miss
[06:23:00.131] [bmv2] [D] [thread 9786] [15.0] [cxt 0] Action entry is ecmp114 - 
[06:23:00.131] [bmv2] [T] [thread 9786] [15.0] [cxt 0] Action ecmp114
[06:23:00.131] [bmv2] [T] [thread 9786] [15.0] [cxt 0] p4src/ecmp.p4(114) Primitive (bit<32>)standard_metadata.egress_port
[06:23:00.131] [bmv2] [T] [thread 9786] [15.0] [cxt 0] p4src/ecmp.p4(114) Primitive port_egress_counter.count((bit<32>)standard_metadata.egress_port)
[06:23:00.131] [bmv2] [T] [thread 9786] [15.0] [cxt 0] Updated counter 'MyEgress.port_egress_counter' at index 1
[06:23:00.131] [bmv2] [D] [thread 9786] [15.0] [cxt 0] Pipeline 'egress': end
[06:23:00.131] [bmv2] [D] [thread 9786] [15.0] [cxt 0] Deparser 'deparser': start
[06:23:00.131] [bmv2] [D] [thread 9786] [15.0] [cxt 0] Updating checksum 'cksum'
[06:23:00.131] [bmv2] [D] [thread 9786] [15.0] [cxt 0] Deparsing header 'ethernet'
[06:23:00.131] [bmv2] [D] [thread 9786] [15.0] [cxt 0] Deparsing header 'ipv4'
[06:23:00.131] [bmv2] [D] [thread 9786] [15.0] [cxt 0] Deparser 'deparser': end
[06:23:00.131] [bmv2] [D] [thread 9789] [15.0] [cxt 0] Transmitting packet of size 98 out of port 1
