Warning: you requested the nanomsg event logger, but bmv2 was compiled without -DBMELOG, and the event logger cannot be activated
Calling target program-options parser
[06:22:25.394] [bmv2] [D] [thread 9829] Set default default entry for table 'tbl_ecmp87': ecmp87 - 
[06:22:25.394] [bmv2] [D] [thread 9829] Set default default entry for table 'MyIngress.ipv4_lpm': MyIngress.drop - 
[06:22:25.394] [bmv2] [D] [thread 9829] Set default default entry for table 'MyIngress.ecmp_group_to_nhop': NoAction - 
[06:22:25.395] [bmv2] [D] [thread 9829] Set default default entry for table 'tbl_ecmp114': ecmp114 - 
Adding interface s5-eth1 as port 1
[06:22:25.396] [bmv2] [D] [thread 9829] Adding interface s5-eth1 as port 1
Adding interface s5-eth2 as port 2
[06:22:25.460] [bmv2] [D] [thread 9829] Adding interface s5-eth2 as port 2
[06:22:25.520] [bmv2] [I] [thread 9829] Starting Thrift server on port 9094
[06:22:25.520] [bmv2] [I] [thread 9829] Thrift server was started
[06:22:26.445] [bmv2] [D] [thread 9835] [0.0] [cxt 0] Processing packet received on port 2
[06:22:26.445] [bmv2] [D] [thread 9835] [0.0] [cxt 0] Parser 'parser': start
[06:22:26.445] [bmv2] [D] [thread 9835] [0.0] [cxt 0] Parser 'parser' entering state 'start'
[06:22:26.445] [bmv2] [D] [thread 9835] [0.0] [cxt 0] Extracting header 'ethernet'
[06:22:26.446] [bmv2] [D] [thread 9835] [0.0] [cxt 0] Parser state 'start': key is 86dd
[06:22:26.446] [bmv2] [T] [thread 9835] [0.0] [cxt 0] Bytes parsed: 14
[06:22:26.446] [bmv2] [D] [thread 9835] [0.0] [cxt 0] Parser 'parser': end
[06:22:26.446] [bmv2] [D] [thread 9835] [0.0] [cxt 0] Pipeline 'ingress': start
[06:22:26.446] [bmv2] [T] [thread 9835] [0.0] [cxt 0] p4src/ecmp.p4(86) Condition "standard_metadata.ingress_port < 6" (node_2) is true
[06:22:26.446] [bmv2] [T] [thread 9835] [0.0] [cxt 0] Applying table 'tbl_ecmp87'
[06:22:26.446] [bmv2] [D] [thread 9835] [0.0] [cxt 0] Looking up key:

[06:22:26.446] [bmv2] [D] [thread 9835] [0.0] [cxt 0] Table 'tbl_ecmp87': miss
[06:22:26.446] [bmv2] [D] [thread 9835] [0.0] [cxt 0] Action entry is ecmp87 - 
[06:22:26.446] [bmv2] [T] [thread 9835] [0.0] [cxt 0] Action ecmp87
[06:22:26.446] [bmv2] [T] [thread 9835] [0.0] [cxt 0] p4src/ecmp.p4(87) Primitive (bit<32>)standard_metadata.ingress_port
[06:22:26.446] [bmv2] [T] [thread 9835] [0.0] [cxt 0] p4src/ecmp.p4(87) Primitive port_ingress_counter.count((bit<32>)standard_metadata.ingress_port)
[06:22:26.446] [bmv2] [T] [thread 9835] [0.0] [cxt 0] Updated counter 'MyIngress.port_ingress_counter' at index 2
[06:22:26.446] [bmv2] [T] [thread 9835] [0.0] [cxt 0] p4src/ecmp.p4(90) Condition "hdr.ipv4.isValid()" (node_4) is false
[06:22:26.446] [bmv2] [D] [thread 9835] [0.0] [cxt 0] Pipeline 'ingress': end
[06:22:26.446] [bmv2] [D] [thread 9835] [0.0] [cxt 0] Egress port is 0
[06:22:26.446] [bmv2] [D] [thread 9836] [0.0] [cxt 0] Pipeline 'egress': start
[06:22:26.446] [bmv2] [T] [thread 9836] [0.0] [cxt 0] p4src/ecmp.p4(113) Condition "standard_metadata.egress_port < 6" (node_9) is true
[06:22:26.446] [bmv2] [T] [thread 9836] [0.0] [cxt 0] Applying table 'tbl_ecmp114'
[06:22:26.446] [bmv2] [D] [thread 9836] [0.0] [cxt 0] Looking up key:

[06:22:26.446] [bmv2] [D] [thread 9836] [0.0] [cxt 0] Table 'tbl_ecmp114': miss
[06:22:26.446] [bmv2] [D] [thread 9836] [0.0] [cxt 0] Action entry is ecmp114 - 
[06:22:26.446] [bmv2] [T] [thread 9836] [0.0] [cxt 0] Action ecmp114
[06:22:26.446] [bmv2] [T] [thread 9836] [0.0] [cxt 0] p4src/ecmp.p4(114) Primitive (bit<32>)standard_metadata.egress_port
[06:22:26.446] [bmv2] [T] [thread 9836] [0.0] [cxt 0] p4src/ecmp.p4(114) Primitive port_egress_counter.count((bit<32>)standard_metadata.egress_port)
[06:22:26.446] [bmv2] [T] [thread 9836] [0.0] [cxt 0] Updated counter 'MyEgress.port_egress_counter' at index 0
[06:22:26.446] [bmv2] [D] [thread 9836] [0.0] [cxt 0] Pipeline 'egress': end
[06:22:26.446] [bmv2] [D] [thread 9836] [0.0] [cxt 0] Deparser 'deparser': start
[06:22:26.446] [bmv2] [T] [thread 9836] [0.0] [cxt 0] Skipping checksum 'cksum' update because condition not met
[06:22:26.446] [bmv2] [D] [thread 9836] [0.0] [cxt 0] Deparsing header 'ethernet'
[06:22:26.446] [bmv2] [D] [thread 9836] [0.0] [cxt 0] Deparser 'deparser': end
[06:22:26.446] [bmv2] [D] [thread 9840] [0.0] [cxt 0] Transmitting packet of size 70 out of port 0
[06:22:26.652] [bmv2] [D] [thread 9835] [1.0] [cxt 0] Processing packet received on port 1
[06:22:26.652] [bmv2] [D] [thread 9835] [1.0] [cxt 0] Parser 'parser': start
[06:22:26.652] [bmv2] [D] [thread 9835] [1.0] [cxt 0] Parser 'parser' entering state 'start'
[06:22:26.652] [bmv2] [D] [thread 9835] [1.0] [cxt 0] Extracting header 'ethernet'
[06:22:26.652] [bmv2] [D] [thread 9835] [1.0] [cxt 0] Parser state 'start': key is 86dd
[06:22:26.652] [bmv2] [T] [thread 9835] [1.0] [cxt 0] Bytes parsed: 14
[06:22:26.652] [bmv2] [D] [thread 9835] [1.0] [cxt 0] Parser 'parser': end
[06:22:26.652] [bmv2] [D] [thread 9835] [1.0] [cxt 0] Pipeline 'ingress': start
[06:22:26.652] [bmv2] [T] [thread 9835] [1.0] [cxt 0] p4src/ecmp.p4(86) Condition "standard_metadata.ingress_port < 6" (node_2) is true
[06:22:26.652] [bmv2] [T] [thread 9835] [1.0] [cxt 0] Applying table 'tbl_ecmp87'
[06:22:26.652] [bmv2] [D] [thread 9835] [1.0] [cxt 0] Looking up key:

[06:22:26.652] [bmv2] [D] [thread 9835] [1.0] [cxt 0] Table 'tbl_ecmp87': miss
[06:22:26.652] [bmv2] [D] [thread 9835] [1.0] [cxt 0] Action entry is ecmp87 - 
[06:22:26.652] [bmv2] [T] [thread 9835] [1.0] [cxt 0] Action ecmp87
[06:22:26.652] [bmv2] [T] [thread 9835] [1.0] [cxt 0] p4src/ecmp.p4(87) Primitive (bit<32>)standard_metadata.ingress_port
[06:22:26.652] [bmv2] [T] [thread 9835] [1.0] [cxt 0] p4src/ecmp.p4(87) Primitive port_ingress_counter.count((bit<32>)standard_metadata.ingress_port)
[06:22:26.652] [bmv2] [T] [thread 9835] [1.0] [cxt 0] Updated counter 'MyIngress.port_ingress_counter' at index 1
[06:22:26.652] [bmv2] [T] [thread 9835] [1.0] [cxt 0] p4src/ecmp.p4(90) Condition "hdr.ipv4.isValid()" (node_4) is false
[06:22:26.652] [bmv2] [D] [thread 9835] [1.0] [cxt 0] Pipeline 'ingress': end
[06:22:26.652] [bmv2] [D] [thread 9835] [1.0] [cxt 0] Egress port is 0
[06:22:26.652] [bmv2] [D] [thread 9836] [1.0] [cxt 0] Pipeline 'egress': start
[06:22:26.652] [bmv2] [T] [thread 9836] [1.0] [cxt 0] p4src/ecmp.p4(113) Condition "standard_metadata.egress_port < 6" (node_9) is true
[06:22:26.652] [bmv2] [T] [thread 9836] [1.0] [cxt 0] Applying table 'tbl_ecmp114'
[06:22:26.652] [bmv2] [D] [thread 9836] [1.0] [cxt 0] Looking up key:

[06:22:26.652] [bmv2] [D] [thread 9836] [1.0] [cxt 0] Table 'tbl_ecmp114': miss
[06:22:26.652] [bmv2] [D] [thread 9836] [1.0] [cxt 0] Action entry is ecmp114 - 
[06:22:26.652] [bmv2] [T] [thread 9836] [1.0] [cxt 0] Action ecmp114
[06:22:26.652] [bmv2] [T] [thread 9836] [1.0] [cxt 0] p4src/ecmp.p4(114) Primitive (bit<32>)standard_metadata.egress_port
[06:22:26.652] [bmv2] [T] [thread 9836] [1.0] [cxt 0] p4src/ecmp.p4(114) Primitive port_egress_counter.count((bit<32>)standard_metadata.egress_port)
[06:22:26.652] [bmv2] [T] [thread 9836] [1.0] [cxt 0] Updated counter 'MyEgress.port_egress_counter' at index 0
[06:22:26.652] [bmv2] [D] [thread 9836] [1.0] [cxt 0] Pipeline 'egress': end
[06:22:26.652] [bmv2] [D] [thread 9836] [1.0] [cxt 0] Deparser 'deparser': start
[06:22:26.652] [bmv2] [T] [thread 9836] [1.0] [cxt 0] Skipping checksum 'cksum' update because condition not met
[06:22:26.652] [bmv2] [D] [thread 9836] [1.0] [cxt 0] Deparsing header 'ethernet'
[06:22:26.652] [bmv2] [D] [thread 9836] [1.0] [cxt 0] Deparser 'deparser': end
[06:22:26.652] [bmv2] [D] [thread 9840] [1.0] [cxt 0] Transmitting packet of size 70 out of port 0
[06:22:26.808] [bmv2] [D] [thread 9835] [2.0] [cxt 0] Processing packet received on port 2
[06:22:26.808] [bmv2] [D] [thread 9835] [2.0] [cxt 0] Parser 'parser': start
[06:22:26.808] [bmv2] [D] [thread 9835] [2.0] [cxt 0] Parser 'parser' entering state 'start'
[06:22:26.808] [bmv2] [D] [thread 9835] [2.0] [cxt 0] Extracting header 'ethernet'
[06:22:26.808] [bmv2] [D] [thread 9835] [2.0] [cxt 0] Parser state 'start': key is 86dd
[06:22:26.808] [bmv2] [T] [thread 9835] [2.0] [cxt 0] Bytes parsed: 14
[06:22:26.808] [bmv2] [D] [thread 9835] [2.0] [cxt 0] Parser 'parser': end
[06:22:26.808] [bmv2] [D] [thread 9835] [2.0] [cxt 0] Pipeline 'ingress': start
[06:22:26.808] [bmv2] [T] [thread 9835] [2.0] [cxt 0] p4src/ecmp.p4(86) Condition "standard_metadata.ingress_port < 6" (node_2) is true
[06:22:26.808] [bmv2] [T] [thread 9835] [2.0] [cxt 0] Applying table 'tbl_ecmp87'
[06:22:26.808] [bmv2] [D] [thread 9835] [2.0] [cxt 0] Looking up key:

[06:22:26.808] [bmv2] [D] [thread 9835] [2.0] [cxt 0] Table 'tbl_ecmp87': miss
[06:22:26.808] [bmv2] [D] [thread 9835] [2.0] [cxt 0] Action entry is ecmp87 - 
[06:22:26.808] [bmv2] [T] [thread 9835] [2.0] [cxt 0] Action ecmp87
[06:22:26.808] [bmv2] [T] [thread 9835] [2.0] [cxt 0] p4src/ecmp.p4(87) Primitive (bit<32>)standard_metadata.ingress_port
[06:22:26.808] [bmv2] [T] [thread 9835] [2.0] [cxt 0] p4src/ecmp.p4(87) Primitive port_ingress_counter.count((bit<32>)standard_metadata.ingress_port)
[06:22:26.808] [bmv2] [T] [thread 9835] [2.0] [cxt 0] Updated counter 'MyIngress.port_ingress_counter' at index 2
[06:22:26.808] [bmv2] [T] [thread 9835] [2.0] [cxt 0] p4src/ecmp.p4(90) Condition "hdr.ipv4.isValid()" (node_4) is false
[06:22:26.808] [bmv2] [D] [thread 9835] [2.0] [cxt 0] Pipeline 'ingress': end
[06:22:26.808] [bmv2] [D] [thread 9835] [2.0] [cxt 0] Egress port is 0
[06:22:26.808] [bmv2] [D] [thread 9836] [2.0] [cxt 0] Pipeline 'egress': start
[06:22:26.808] [bmv2] [T] [thread 9836] [2.0] [cxt 0] p4src/ecmp.p4(113) Condition "standard_metadata.egress_port < 6" (node_9) is true
[06:22:26.808] [bmv2] [T] [thread 9836] [2.0] [cxt 0] Applying table 'tbl_ecmp114'
[06:22:26.808] [bmv2] [D] [thread 9836] [2.0] [cxt 0] Looking up key:

[06:22:26.808] [bmv2] [D] [thread 9836] [2.0] [cxt 0] Table 'tbl_ecmp114': miss
[06:22:26.808] [bmv2] [D] [thread 9836] [2.0] [cxt 0] Action entry is ecmp114 - 
[06:22:26.808] [bmv2] [T] [thread 9836] [2.0] [cxt 0] Action ecmp114
[06:22:26.808] [bmv2] [T] [thread 9836] [2.0] [cxt 0] p4src/ecmp.p4(114) Primitive (bit<32>)standard_metadata.egress_port
[06:22:26.808] [bmv2] [T] [thread 9836] [2.0] [cxt 0] p4src/ecmp.p4(114) Primitive port_egress_counter.count((bit<32>)standard_metadata.egress_port)
[06:22:26.808] [bmv2] [T] [thread 9836] [2.0] [cxt 0] Updated counter 'MyEgress.port_egress_counter' at index 0
[06:22:26.808] [bmv2] [D] [thread 9836] [2.0] [cxt 0] Pipeline 'egress': end
[06:22:26.808] [bmv2] [D] [thread 9836] [2.0] [cxt 0] Deparser 'deparser': start
[06:22:26.808] [bmv2] [T] [thread 9836] [2.0] [cxt 0] Skipping checksum 'cksum' update because condition not met
[06:22:26.808] [bmv2] [D] [thread 9836] [2.0] [cxt 0] Deparsing header 'ethernet'
[06:22:26.808] [bmv2] [D] [thread 9836] [2.0] [cxt 0] Deparser 'deparser': end
[06:22:26.809] [bmv2] [D] [thread 9840] [2.0] [cxt 0] Transmitting packet of size 70 out of port 0
[06:22:26.888] [bmv2] [D] [thread 9835] [3.0] [cxt 0] Processing packet received on port 1
[06:22:26.888] [bmv2] [D] [thread 9835] [3.0] [cxt 0] Parser 'parser': start
[06:22:26.888] [bmv2] [D] [thread 9835] [3.0] [cxt 0] Parser 'parser' entering state 'start'
[06:22:26.888] [bmv2] [D] [thread 9835] [3.0] [cxt 0] Extracting header 'ethernet'
[06:22:26.888] [bmv2] [D] [thread 9835] [3.0] [cxt 0] Parser state 'start': key is 86dd
[06:22:26.888] [bmv2] [T] [thread 9835] [3.0] [cxt 0] Bytes parsed: 14
[06:22:26.888] [bmv2] [D] [thread 9835] [3.0] [cxt 0] Parser 'parser': end
[06:22:26.888] [bmv2] [D] [thread 9835] [3.0] [cxt 0] Pipeline 'ingress': start
[06:22:26.888] [bmv2] [T] [thread 9835] [3.0] [cxt 0] p4src/ecmp.p4(86) Condition "standard_metadata.ingress_port < 6" (node_2) is true
[06:22:26.888] [bmv2] [T] [thread 9835] [3.0] [cxt 0] Applying table 'tbl_ecmp87'
[06:22:26.888] [bmv2] [D] [thread 9835] [3.0] [cxt 0] Looking up key:

[06:22:26.888] [bmv2] [D] [thread 9835] [3.0] [cxt 0] Table 'tbl_ecmp87': miss
[06:22:26.888] [bmv2] [D] [thread 9835] [3.0] [cxt 0] Action entry is ecmp87 - 
[06:22:26.888] [bmv2] [T] [thread 9835] [3.0] [cxt 0] Action ecmp87
[06:22:26.888] [bmv2] [T] [thread 9835] [3.0] [cxt 0] p4src/ecmp.p4(87) Primitive (bit<32>)standard_metadata.ingress_port
[06:22:26.888] [bmv2] [T] [thread 9835] [3.0] [cxt 0] p4src/ecmp.p4(87) Primitive port_ingress_counter.count((bit<32>)standard_metadata.ingress_port)
[06:22:26.888] [bmv2] [T] [thread 9835] [3.0] [cxt 0] Updated counter 'MyIngress.port_ingress_counter' at index 1
[06:22:26.888] [bmv2] [T] [thread 9835] [3.0] [cxt 0] p4src/ecmp.p4(90) Condition "hdr.ipv4.isValid()" (node_4) is false
[06:22:26.888] [bmv2] [D] [thread 9835] [3.0] [cxt 0] Pipeline 'ingress': end
[06:22:26.888] [bmv2] [D] [thread 9835] [3.0] [cxt 0] Egress port is 0
[06:22:26.888] [bmv2] [D] [thread 9836] [3.0] [cxt 0] Pipeline 'egress': start
[06:22:26.888] [bmv2] [T] [thread 9836] [3.0] [cxt 0] p4src/ecmp.p4(113) Condition "standard_metadata.egress_port < 6" (node_9) is true
[06:22:26.888] [bmv2] [T] [thread 9836] [3.0] [cxt 0] Applying table 'tbl_ecmp114'
[06:22:26.888] [bmv2] [D] [thread 9836] [3.0] [cxt 0] Looking up key:

[06:22:26.888] [bmv2] [D] [thread 9836] [3.0] [cxt 0] Table 'tbl_ecmp114': miss
[06:22:26.888] [bmv2] [D] [thread 9836] [3.0] [cxt 0] Action entry is ecmp114 - 
[06:22:26.888] [bmv2] [T] [thread 9836] [3.0] [cxt 0] Action ecmp114
[06:22:26.888] [bmv2] [T] [thread 9836] [3.0] [cxt 0] p4src/ecmp.p4(114) Primitive (bit<32>)standard_metadata.egress_port
[06:22:26.888] [bmv2] [T] [thread 9836] [3.0] [cxt 0] p4src/ecmp.p4(114) Primitive port_egress_counter.count((bit<32>)standard_metadata.egress_port)
[06:22:26.888] [bmv2] [T] [thread 9836] [3.0] [cxt 0] Updated counter 'MyEgress.port_egress_counter' at index 0
[06:22:26.888] [bmv2] [D] [thread 9836] [3.0] [cxt 0] Pipeline 'egress': end
[06:22:26.888] [bmv2] [D] [thread 9836] [3.0] [cxt 0] Deparser 'deparser': start
[06:22:26.888] [bmv2] [T] [thread 9836] [3.0] [cxt 0] Skipping checksum 'cksum' update because condition not met
[06:22:26.888] [bmv2] [D] [thread 9836] [3.0] [cxt 0] Deparsing header 'ethernet'
[06:22:26.888] [bmv2] [D] [thread 9836] [3.0] [cxt 0] Deparser 'deparser': end
[06:22:26.888] [bmv2] [D] [thread 9840] [3.0] [cxt 0] Transmitting packet of size 70 out of port 0
[06:22:44.213] [bmv2] [T] [thread 9980] bm_get_config
[06:22:44.214] [bmv2] [T] [thread 9980] bm_mt_get_entries
[06:22:44.214] [bmv2] [T] [thread 9980] bm_mt_get_entries
[06:22:44.221] [bmv2] [T] [thread 9980] bm_reset_state
[06:22:44.222] [bmv2] [D] [thread 9980] Resetting simple_switch target-specific state
[06:22:44.222] [bmv2] [D] [thread 9980] resetting PRE state
[06:22:44.226] [bmv2] [T] [thread 9980] bm_set_default_action
[06:22:44.226] [bmv2] [D] [thread 9980] Set default entry for table 'MyIngress.ipv4_lpm': MyIngress.drop - 
[06:22:44.226] [bmv2] [T] [thread 9980] bm_set_default_action
[06:22:44.226] [bmv2] [D] [thread 9980] Set default entry for table 'MyIngress.ecmp_group_to_nhop': MyIngress.drop - 
[06:22:44.240] [bmv2] [T] [thread 9980] bm_table_add_entry
[06:22:44.240] [bmv2] [D] [thread 9980] Entry 0 added to table 'MyIngress.ipv4_lpm'
[06:22:44.240] [bmv2] [D] [thread 9980] Dumping entry 0
Match key:
* hdr.ipv4.dstAddr    : LPM       0a000101/24
Action entry: MyIngress.set_nhop - 82d7ad3ae477,1,

[06:22:44.241] [bmv2] [T] [thread 9980] bm_table_add_entry
[06:22:44.241] [bmv2] [D] [thread 9980] Entry 1 added to table 'MyIngress.ipv4_lpm'
[06:22:44.241] [bmv2] [D] [thread 9980] Dumping entry 1
Match key:
* hdr.ipv4.dstAddr    : LPM       0a000602/24
Action entry: MyIngress.set_nhop - ea9be1d7a24f,2,

