Warning: you requested the nanomsg event logger, but bmv2 was compiled without -DBMELOG, and the event logger cannot be activated
Calling target program-options parser
[06:22:26.396] [bmv2] [D] [thread 9846] Set default default entry for table 'tbl_ecmp87': ecmp87 - 
[06:22:26.396] [bmv2] [D] [thread 9846] Set default default entry for table 'MyIngress.ipv4_lpm': MyIngress.drop - 
[06:22:26.396] [bmv2] [D] [thread 9846] Set default default entry for table 'MyIngress.ecmp_group_to_nhop': NoAction - 
[06:22:26.397] [bmv2] [D] [thread 9846] Set default default entry for table 'tbl_ecmp114': ecmp114 - 
Adding interface s6-eth1 as port 1
[06:22:26.398] [bmv2] [D] [thread 9846] Adding interface s6-eth1 as port 1
Adding interface s6-eth2 as port 2
[06:22:26.431] [bmv2] [D] [thread 9846] Adding interface s6-eth2 as port 2
Adding interface s6-eth3 as port 3
[06:22:26.476] [bmv2] [D] [thread 9846] Adding interface s6-eth3 as port 3
Adding interface s6-eth4 as port 4
[06:22:26.516] [bmv2] [D] [thread 9846] Adding interface s6-eth4 as port 4
Adding interface s6-eth5 as port 5
[06:22:26.556] [bmv2] [D] [thread 9846] Adding interface s6-eth5 as port 5
[06:22:26.592] [bmv2] [I] [thread 9846] Starting Thrift server on port 9095
[06:22:26.592] [bmv2] [I] [thread 9846] Thrift server was started
[06:22:26.808] [bmv2] [D] [thread 9852] [0.0] [cxt 0] Processing packet received on port 2
[06:22:26.808] [bmv2] [D] [thread 9852] [0.0] [cxt 0] Parser 'parser': start
[06:22:26.808] [bmv2] [D] [thread 9852] [0.0] [cxt 0] Parser 'parser' entering state 'start'
[06:22:26.808] [bmv2] [D] [thread 9852] [0.0] [cxt 0] Extracting header 'ethernet'
[06:22:26.808] [bmv2] [D] [thread 9852] [0.0] [cxt 0] Parser state 'start': key is 86dd
[06:22:26.808] [bmv2] [T] [thread 9852] [0.0] [cxt 0] Bytes parsed: 14
[06:22:26.808] [bmv2] [D] [thread 9852] [0.0] [cxt 0] Parser 'parser': end
[06:22:26.808] [bmv2] [D] [thread 9852] [0.0] [cxt 0] Pipeline 'ingress': start
[06:22:26.808] [bmv2] [T] [thread 9852] [0.0] [cxt 0] p4src/ecmp.p4(86) Condition "standard_metadata.ingress_port < 6" (node_2) is true
[06:22:26.808] [bmv2] [T] [thread 9852] [0.0] [cxt 0] Applying table 'tbl_ecmp87'
[06:22:26.808] [bmv2] [D] [thread 9852] [0.0] [cxt 0] Looking up key:

[06:22:26.808] [bmv2] [D] [thread 9852] [0.0] [cxt 0] Table 'tbl_ecmp87': miss
[06:22:26.808] [bmv2] [D] [thread 9852] [0.0] [cxt 0] Action entry is ecmp87 - 
[06:22:26.808] [bmv2] [T] [thread 9852] [0.0] [cxt 0] Action ecmp87
[06:22:26.808] [bmv2] [T] [thread 9852] [0.0] [cxt 0] p4src/ecmp.p4(87) Primitive (bit<32>)standard_metadata.ingress_port
[06:22:26.808] [bmv2] [T] [thread 9852] [0.0] [cxt 0] p4src/ecmp.p4(87) Primitive port_ingress_counter.count((bit<32>)standard_metadata.ingress_port)
[06:22:26.808] [bmv2] [T] [thread 9852] [0.0] [cxt 0] Updated counter 'MyIngress.port_ingress_counter' at index 2
[06:22:26.808] [bmv2] [T] [thread 9852] [0.0] [cxt 0] p4src/ecmp.p4(90) Condition "hdr.ipv4.isValid()" (node_4) is false
[06:22:26.808] [bmv2] [D] [thread 9852] [0.0] [cxt 0] Pipeline 'ingress': end
[06:22:26.808] [bmv2] [D] [thread 9852] [0.0] [cxt 0] Egress port is 0
[06:22:26.808] [bmv2] [D] [thread 9852] [1.0] [cxt 0] Processing packet received on port 4
[06:22:26.808] [bmv2] [D] [thread 9852] [1.0] [cxt 0] Parser 'parser': start
[06:22:26.808] [bmv2] [D] [thread 9852] [1.0] [cxt 0] Parser 'parser' entering state 'start'
[06:22:26.808] [bmv2] [D] [thread 9852] [1.0] [cxt 0] Extracting header 'ethernet'
[06:22:26.808] [bmv2] [D] [thread 9852] [1.0] [cxt 0] Parser state 'start': key is 86dd
[06:22:26.809] [bmv2] [T] [thread 9852] [1.0] [cxt 0] Bytes parsed: 14
[06:22:26.809] [bmv2] [D] [thread 9852] [1.0] [cxt 0] Parser 'parser': end
[06:22:26.809] [bmv2] [D] [thread 9852] [1.0] [cxt 0] Pipeline 'ingress': start
[06:22:26.809] [bmv2] [T] [thread 9852] [1.0] [cxt 0] p4src/ecmp.p4(86) Condition "standard_metadata.ingress_port < 6" (node_2) is true
[06:22:26.809] [bmv2] [T] [thread 9852] [1.0] [cxt 0] Applying table 'tbl_ecmp87'
[06:22:26.809] [bmv2] [D] [thread 9852] [1.0] [cxt 0] Looking up key:

[06:22:26.809] [bmv2] [D] [thread 9852] [1.0] [cxt 0] Table 'tbl_ecmp87': miss
[06:22:26.809] [bmv2] [D] [thread 9852] [1.0] [cxt 0] Action entry is ecmp87 - 
[06:22:26.809] [bmv2] [T] [thread 9852] [1.0] [cxt 0] Action ecmp87
[06:22:26.809] [bmv2] [T] [thread 9852] [1.0] [cxt 0] p4src/ecmp.p4(87) Primitive (bit<32>)standard_metadata.ingress_port
[06:22:26.809] [bmv2] [T] [thread 9852] [1.0] [cxt 0] p4src/ecmp.p4(87) Primitive port_ingress_counter.count((bit<32>)standard_metadata.ingress_port)
[06:22:26.809] [bmv2] [T] [thread 9852] [1.0] [cxt 0] Updated counter 'MyIngress.port_ingress_counter' at index 4
[06:22:26.809] [bmv2] [T] [thread 9852] [1.0] [cxt 0] p4src/ecmp.p4(90) Condition "hdr.ipv4.isValid()" (node_4) is false
[06:22:26.809] [bmv2] [D] [thread 9852] [1.0] [cxt 0] Pipeline 'ingress': end
[06:22:26.809] [bmv2] [D] [thread 9852] [1.0] [cxt 0] Egress port is 0
[06:22:26.809] [bmv2] [D] [thread 9852] [2.0] [cxt 0] Processing packet received on port 5
[06:22:26.809] [bmv2] [D] [thread 9852] [2.0] [cxt 0] Parser 'parser': start
[06:22:26.809] [bmv2] [D] [thread 9852] [2.0] [cxt 0] Parser 'parser' entering state 'start'
[06:22:26.809] [bmv2] [D] [thread 9852] [2.0] [cxt 0] Extracting header 'ethernet'
[06:22:26.809] [bmv2] [D] [thread 9852] [2.0] [cxt 0] Parser state 'start': key is 86dd
[06:22:26.809] [bmv2] [T] [thread 9852] [2.0] [cxt 0] Bytes parsed: 14
[06:22:26.809] [bmv2] [D] [thread 9852] [2.0] [cxt 0] Parser 'parser': end
[06:22:26.809] [bmv2] [D] [thread 9852] [2.0] [cxt 0] Pipeline 'ingress': start
[06:22:26.809] [bmv2] [T] [thread 9852] [2.0] [cxt 0] p4src/ecmp.p4(86) Condition "standard_metadata.ingress_port < 6" (node_2) is true
[06:22:26.809] [bmv2] [T] [thread 9852] [2.0] [cxt 0] Applying table 'tbl_ecmp87'
[06:22:26.809] [bmv2] [D] [thread 9852] [2.0] [cxt 0] Looking up key:

[06:22:26.809] [bmv2] [D] [thread 9852] [2.0] [cxt 0] Table 'tbl_ecmp87': miss
[06:22:26.809] [bmv2] [D] [thread 9852] [2.0] [cxt 0] Action entry is ecmp87 - 
[06:22:26.809] [bmv2] [T] [thread 9852] [2.0] [cxt 0] Action ecmp87
[06:22:26.809] [bmv2] [T] [thread 9852] [2.0] [cxt 0] p4src/ecmp.p4(87) Primitive (bit<32>)standard_metadata.ingress_port
[06:22:26.809] [bmv2] [T] [thread 9852] [2.0] [cxt 0] p4src/ecmp.p4(87) Primitive port_ingress_counter.count((bit<32>)standard_metadata.ingress_port)
[06:22:26.809] [bmv2] [T] [thread 9852] [2.0] [cxt 0] Updated counter 'MyIngress.port_ingress_counter' at index 5
[06:22:26.809] [bmv2] [T] [thread 9852] [2.0] [cxt 0] p4src/ecmp.p4(90) Condition "hdr.ipv4.isValid()" (node_4) is false
[06:22:26.809] [bmv2] [D] [thread 9852] [2.0] [cxt 0] Pipeline 'ingress': end
[06:22:26.809] [bmv2] [D] [thread 9852] [2.0] [cxt 0] Egress port is 0
[06:22:26.809] [bmv2] [D] [thread 9853] [0.0] [cxt 0] Pipeline 'egress': start
[06:22:26.809] [bmv2] [T] [thread 9853] [0.0] [cxt 0] p4src/ecmp.p4(113) Condition "standard_metadata.egress_port < 6" (node_9) is true
[06:22:26.809] [bmv2] [T] [thread 9853] [0.0] [cxt 0] Applying table 'tbl_ecmp114'
[06:22:26.809] [bmv2] [D] [thread 9853] [0.0] [cxt 0] Looking up key:

[06:22:26.809] [bmv2] [D] [thread 9853] [0.0] [cxt 0] Table 'tbl_ecmp114': miss
[06:22:26.809] [bmv2] [D] [thread 9853] [0.0] [cxt 0] Action entry is ecmp114 - 
[06:22:26.809] [bmv2] [T] [thread 9853] [0.0] [cxt 0] Action ecmp114
[06:22:26.809] [bmv2] [T] [thread 9853] [0.0] [cxt 0] p4src/ecmp.p4(114) Primitive (bit<32>)standard_metadata.egress_port
[06:22:26.809] [bmv2] [T] [thread 9853] [0.0] [cxt 0] p4src/ecmp.p4(114) Primitive port_egress_counter.count((bit<32>)standard_metadata.egress_port)
[06:22:26.809] [bmv2] [T] [thread 9853] [0.0] [cxt 0] Updated counter 'MyEgress.port_egress_counter' at index 0
[06:22:26.809] [bmv2] [D] [thread 9853] [0.0] [cxt 0] Pipeline 'egress': end
[06:22:26.809] [bmv2] [D] [thread 9853] [0.0] [cxt 0] Deparser 'deparser': start
[06:22:26.809] [bmv2] [T] [thread 9853] [0.0] [cxt 0] Skipping checksum 'cksum' update because condition not met
[06:22:26.809] [bmv2] [D] [thread 9853] [0.0] [cxt 0] Deparsing header 'ethernet'
[06:22:26.809] [bmv2] [D] [thread 9853] [0.0] [cxt 0] Deparser 'deparser': end
[06:22:26.809] [bmv2] [D] [thread 9853] [1.0] [cxt 0] Pipeline 'egress': start
[06:22:26.809] [bmv2] [T] [thread 9853] [1.0] [cxt 0] p4src/ecmp.p4(113) Condition "standard_metadata.egress_port < 6" (node_9) is true
[06:22:26.809] [bmv2] [T] [thread 9853] [1.0] [cxt 0] Applying table 'tbl_ecmp114'
[06:22:26.809] [bmv2] [D] [thread 9853] [1.0] [cxt 0] Looking up key:

[06:22:26.809] [bmv2] [D] [thread 9853] [1.0] [cxt 0] Table 'tbl_ecmp114': miss
[06:22:26.809] [bmv2] [D] [thread 9853] [1.0] [cxt 0] Action entry is ecmp114 - 
[06:22:26.809] [bmv2] [T] [thread 9853] [1.0] [cxt 0] Action ecmp114
[06:22:26.809] [bmv2] [T] [thread 9853] [1.0] [cxt 0] p4src/ecmp.p4(114) Primitive (bit<32>)standard_metadata.egress_port
[06:22:26.809] [bmv2] [T] [thread 9853] [1.0] [cxt 0] p4src/ecmp.p4(114) Primitive port_egress_counter.count((bit<32>)standard_metadata.egress_port)
[06:22:26.809] [bmv2] [T] [thread 9853] [1.0] [cxt 0] Updated counter 'MyEgress.port_egress_counter' at index 0
[06:22:26.809] [bmv2] [D] [thread 9853] [1.0] [cxt 0] Pipeline 'egress': end
[06:22:26.809] [bmv2] [D] [thread 9853] [1.0] [cxt 0] Deparser 'deparser': start
[06:22:26.809] [bmv2] [T] [thread 9853] [1.0] [cxt 0] Skipping checksum 'cksum' update because condition not met
[06:22:26.809] [bmv2] [D] [thread 9853] [1.0] [cxt 0] Deparsing header 'ethernet'
[06:22:26.809] [bmv2] [D] [thread 9853] [1.0] [cxt 0] Deparser 'deparser': end
[06:22:26.809] [bmv2] [D] [thread 9853] [2.0] [cxt 0] Pipeline 'egress': start
[06:22:26.809] [bmv2] [T] [thread 9853] [2.0] [cxt 0] p4src/ecmp.p4(113) Condition "standard_metadata.egress_port < 6" (node_9) is true
[06:22:26.809] [bmv2] [T] [thread 9853] [2.0] [cxt 0] Applying table 'tbl_ecmp114'
[06:22:26.809] [bmv2] [D] [thread 9853] [2.0] [cxt 0] Looking up key:

[06:22:26.809] [bmv2] [D] [thread 9853] [2.0] [cxt 0] Table 'tbl_ecmp114': miss
[06:22:26.809] [bmv2] [D] [thread 9853] [2.0] [cxt 0] Action entry is ecmp114 - 
[06:22:26.809] [bmv2] [T] [thread 9853] [2.0] [cxt 0] Action ecmp114
[06:22:26.809] [bmv2] [T] [thread 9853] [2.0] [cxt 0] p4src/ecmp.p4(114) Primitive (bit<32>)standard_metadata.egress_port
[06:22:26.809] [bmv2] [T] [thread 9853] [2.0] [cxt 0] p4src/ecmp.p4(114) Primitive port_egress_counter.count((bit<32>)standard_metadata.egress_port)
[06:22:26.809] [bmv2] [T] [thread 9853] [2.0] [cxt 0] Updated counter 'MyEgress.port_egress_counter' at index 0
[06:22:26.809] [bmv2] [D] [thread 9853] [2.0] [cxt 0] Pipeline 'egress': end
[06:22:26.809] [bmv2] [D] [thread 9853] [2.0] [cxt 0] Deparser 'deparser': start
[06:22:26.809] [bmv2] [T] [thread 9853] [2.0] [cxt 0] Skipping checksum 'cksum' update because condition not met
[06:22:26.809] [bmv2] [D] [thread 9853] [2.0] [cxt 0] Deparsing header 'ethernet'
[06:22:26.809] [bmv2] [D] [thread 9853] [2.0] [cxt 0] Deparser 'deparser': end
[06:22:26.809] [bmv2] [D] [thread 9857] [0.0] [cxt 0] Transmitting packet of size 70 out of port 0
[06:22:26.809] [bmv2] [D] [thread 9857] [1.0] [cxt 0] Transmitting packet of size 70 out of port 0
[06:22:26.809] [bmv2] [D] [thread 9857] [2.0] [cxt 0] Transmitting packet of size 70 out of port 0
[06:22:26.848] [bmv2] [D] [thread 9852] [3.0] [cxt 0] Processing packet received on port 1
[06:22:26.848] [bmv2] [D] [thread 9852] [3.0] [cxt 0] Parser 'parser': start
[06:22:26.848] [bmv2] [D] [thread 9852] [3.0] [cxt 0] Parser 'parser' entering state 'start'
[06:22:26.848] [bmv2] [D] [thread 9852] [3.0] [cxt 0] Extracting header 'ethernet'
[06:22:26.848] [bmv2] [D] [thread 9852] [3.0] [cxt 0] Parser state 'start': key is 86dd
[06:22:26.848] [bmv2] [T] [thread 9852] [3.0] [cxt 0] Bytes parsed: 14
[06:22:26.848] [bmv2] [D] [thread 9852] [3.0] [cxt 0] Parser 'parser': end
[06:22:26.848] [bmv2] [D] [thread 9852] [3.0] [cxt 0] Pipeline 'ingress': start
[06:22:26.848] [bmv2] [T] [thread 9852] [3.0] [cxt 0] p4src/ecmp.p4(86) Condition "standard_metadata.ingress_port < 6" (node_2) is true
[06:22:26.848] [bmv2] [T] [thread 9852] [3.0] [cxt 0] Applying table 'tbl_ecmp87'
[06:22:26.848] [bmv2] [D] [thread 9852] [3.0] [cxt 0] Looking up key:

[06:22:26.848] [bmv2] [D] [thread 9852] [3.0] [cxt 0] Table 'tbl_ecmp87': miss
[06:22:26.848] [bmv2] [D] [thread 9852] [3.0] [cxt 0] Action entry is ecmp87 - 
[06:22:26.848] [bmv2] [T] [thread 9852] [3.0] [cxt 0] Action ecmp87
[06:22:26.848] [bmv2] [T] [thread 9852] [3.0] [cxt 0] p4src/ecmp.p4(87) Primitive (bit<32>)standard_metadata.ingress_port
[06:22:26.848] [bmv2] [T] [thread 9852] [3.0] [cxt 0] p4src/ecmp.p4(87) Primitive port_ingress_counter.count((bit<32>)standard_metadata.ingress_port)
[06:22:26.848] [bmv2] [T] [thread 9852] [3.0] [cxt 0] Updated counter 'MyIngress.port_ingress_counter' at index 1
[06:22:26.848] [bmv2] [T] [thread 9852] [3.0] [cxt 0] p4src/ecmp.p4(90) Condition "hdr.ipv4.isValid()" (node_4) is false
[06:22:26.848] [bmv2] [D] [thread 9852] [3.0] [cxt 0] Pipeline 'ingress': end
[06:22:26.848] [bmv2] [D] [thread 9852] [3.0] [cxt 0] Egress port is 0
[06:22:26.848] [bmv2] [D] [thread 9853] [3.0] [cxt 0] Pipeline 'egress': start
[06:22:26.848] [bmv2] [T] [thread 9853] [3.0] [cxt 0] p4src/ecmp.p4(113) Condition "standard_metadata.egress_port < 6" (node_9) is true
[06:22:26.848] [bmv2] [T] [thread 9853] [3.0] [cxt 0] Applying table 'tbl_ecmp114'
[06:22:26.848] [bmv2] [D] [thread 9853] [3.0] [cxt 0] Looking up key:

[06:22:26.848] [bmv2] [D] [thread 9853] [3.0] [cxt 0] Table 'tbl_ecmp114': miss
[06:22:26.848] [bmv2] [D] [thread 9853] [3.0] [cxt 0] Action entry is ecmp114 - 
[06:22:26.848] [bmv2] [T] [thread 9853] [3.0] [cxt 0] Action ecmp114
[06:22:26.848] [bmv2] [T] [thread 9853] [3.0] [cxt 0] p4src/ecmp.p4(114) Primitive (bit<32>)standard_metadata.egress_port
[06:22:26.848] [bmv2] [T] [thread 9853] [3.0] [cxt 0] p4src/ecmp.p4(114) Primitive port_egress_counter.count((bit<32>)standard_metadata.egress_port)
[06:22:26.848] [bmv2] [T] [thread 9853] [3.0] [cxt 0] Updated counter 'MyEgress.port_egress_counter' at index 0
[06:22:26.848] [bmv2] [D] [thread 9853] [3.0] [cxt 0] Pipeline 'egress': end
[06:22:26.848] [bmv2] [D] [thread 9853] [3.0] [cxt 0] Deparser 'deparser': start
[06:22:26.848] [bmv2] [T] [thread 9853] [3.0] [cxt 0] Skipping checksum 'cksum' update because condition not met
[06:22:26.848] [bmv2] [D] [thread 9853] [3.0] [cxt 0] Deparsing header 'ethernet'
[06:22:26.848] [bmv2] [D] [thread 9853] [3.0] [cxt 0] Deparser 'deparser': end
[06:22:26.848] [bmv2] [D] [thread 9857] [3.0] [cxt 0] Transmitting packet of size 70 out of port 0
[06:22:26.938] [bmv2] [D] [thread 9852] [4.0] [cxt 0] Processing packet received on port 3
[06:22:26.938] [bmv2] [D] [thread 9852] [4.0] [cxt 0] Parser 'parser': start
[06:22:26.938] [bmv2] [D] [thread 9852] [4.0] [cxt 0] Parser 'parser' entering state 'start'
[06:22:26.938] [bmv2] [D] [thread 9852] [4.0] [cxt 0] Extracting header 'ethernet'
[06:22:26.938] [bmv2] [D] [thread 9852] [4.0] [cxt 0] Parser state 'start': key is 86dd
[06:22:26.938] [bmv2] [T] [thread 9852] [4.0] [cxt 0] Bytes parsed: 14
[06:22:26.938] [bmv2] [D] [thread 9852] [4.0] [cxt 0] Parser 'parser': end
[06:22:26.938] [bmv2] [D] [thread 9852] [4.0] [cxt 0] Pipeline 'ingress': start
[06:22:26.938] [bmv2] [T] [thread 9852] [4.0] [cxt 0] p4src/ecmp.p4(86) Condition "standard_metadata.ingress_port < 6" (node_2) is true
[06:22:26.938] [bmv2] [T] [thread 9852] [4.0] [cxt 0] Applying table 'tbl_ecmp87'
[06:22:26.938] [bmv2] [D] [thread 9852] [4.0] [cxt 0] Looking up key:

[06:22:26.938] [bmv2] [D] [thread 9852] [4.0] [cxt 0] Table 'tbl_ecmp87': miss
[06:22:26.938] [bmv2] [D] [thread 9852] [4.0] [cxt 0] Action entry is ecmp87 - 
[06:22:26.938] [bmv2] [T] [thread 9852] [4.0] [cxt 0] Action ecmp87
[06:22:26.938] [bmv2] [T] [thread 9852] [4.0] [cxt 0] p4src/ecmp.p4(87) Primitive (bit<32>)standard_metadata.ingress_port
[06:22:26.938] [bmv2] [T] [thread 9852] [4.0] [cxt 0] p4src/ecmp.p4(87) Primitive port_ingress_counter.count((bit<32>)standard_metadata.ingress_port)
[06:22:26.938] [bmv2] [T] [thread 9852] [4.0] [cxt 0] Updated counter 'MyIngress.port_ingress_counter' at index 3
[06:22:26.938] [bmv2] [T] [thread 9852] [4.0] [cxt 0] p4src/ecmp.p4(90) Condition "hdr.ipv4.isValid()" (node_4) is false
[06:22:26.938] [bmv2] [D] [thread 9852] [4.0] [cxt 0] Pipeline 'ingress': end
[06:22:26.938] [bmv2] [D] [thread 9852] [4.0] [cxt 0] Egress port is 0
[06:22:26.938] [bmv2] [D] [thread 9853] [4.0] [cxt 0] Pipeline 'egress': start
[06:22:26.939] [bmv2] [T] [thread 9853] [4.0] [cxt 0] p4src/ecmp.p4(113) Condition "standard_metadata.egress_port < 6" (node_9) is true
[06:22:26.939] [bmv2] [T] [thread 9853] [4.0] [cxt 0] Applying table 'tbl_ecmp114'
[06:22:26.939] [bmv2] [D] [thread 9853] [4.0] [cxt 0] Looking up key:

[06:22:26.939] [bmv2] [D] [thread 9853] [4.0] [cxt 0] Table 'tbl_ecmp114': miss
[06:22:26.939] [bmv2] [D] [thread 9853] [4.0] [cxt 0] Action entry is ecmp114 - 
[06:22:26.939] [bmv2] [T] [thread 9853] [4.0] [cxt 0] Action ecmp114
[06:22:26.939] [bmv2] [T] [thread 9853] [4.0] [cxt 0] p4src/ecmp.p4(114) Primitive (bit<32>)standard_metadata.egress_port
[06:22:26.939] [bmv2] [T] [thread 9853] [4.0] [cxt 0] p4src/ecmp.p4(114) Primitive port_egress_counter.count((bit<32>)standard_metadata.egress_port)
[06:22:26.939] [bmv2] [T] [thread 9853] [4.0] [cxt 0] Updated counter 'MyEgress.port_egress_counter' at index 0
[06:22:26.939] [bmv2] [D] [thread 9853] [4.0] [cxt 0] Pipeline 'egress': end
[06:22:26.939] [bmv2] [D] [thread 9853] [4.0] [cxt 0] Deparser 'deparser': start
[06:22:26.939] [bmv2] [T] [thread 9853] [4.0] [cxt 0] Skipping checksum 'cksum' update because condition not met
[06:22:26.939] [bmv2] [D] [thread 9853] [4.0] [cxt 0] Deparsing header 'ethernet'
[06:22:26.939] [bmv2] [D] [thread 9853] [4.0] [cxt 0] Deparser 'deparser': end
[06:22:26.939] [bmv2] [D] [thread 9857] [4.0] [cxt 0] Transmitting packet of size 70 out of port 0
[06:22:26.960] [bmv2] [D] [thread 9852] [5.0] [cxt 0] Processing packet received on port 3
[06:22:26.960] [bmv2] [D] [thread 9852] [5.0] [cxt 0] Parser 'parser': start
[06:22:26.960] [bmv2] [D] [thread 9852] [5.0] [cxt 0] Parser 'parser' entering state 'start'
[06:22:26.960] [bmv2] [D] [thread 9852] [5.0] [cxt 0] Extracting header 'ethernet'
[06:22:26.960] [bmv2] [D] [thread 9852] [5.0] [cxt 0] Parser state 'start': key is 86dd
[06:22:26.960] [bmv2] [T] [thread 9852] [5.0] [cxt 0] Bytes parsed: 14
[06:22:26.960] [bmv2] [D] [thread 9852] [5.0] [cxt 0] Parser 'parser': end
[06:22:26.960] [bmv2] [D] [thread 9852] [5.0] [cxt 0] Pipeline 'ingress': start
[06:22:26.960] [bmv2] [T] [thread 9852] [5.0] [cxt 0] p4src/ecmp.p4(86) Condition "standard_metadata.ingress_port < 6" (node_2) is true
[06:22:26.960] [bmv2] [T] [thread 9852] [5.0] [cxt 0] Applying table 'tbl_ecmp87'
[06:22:26.960] [bmv2] [D] [thread 9852] [5.0] [cxt 0] Looking up key:

[06:22:26.960] [bmv2] [D] [thread 9852] [5.0] [cxt 0] Table 'tbl_ecmp87': miss
[06:22:26.960] [bmv2] [D] [thread 9852] [5.0] [cxt 0] Action entry is ecmp87 - 
[06:22:26.960] [bmv2] [T] [thread 9852] [5.0] [cxt 0] Action ecmp87
[06:22:26.960] [bmv2] [T] [thread 9852] [5.0] [cxt 0] p4src/ecmp.p4(87) Primitive (bit<32>)standard_metadata.ingress_port
[06:22:26.960] [bmv2] [T] [thread 9852] [5.0] [cxt 0] p4src/ecmp.p4(87) Primitive port_ingress_counter.count((bit<32>)standard_metadata.ingress_port)
[06:22:26.960] [bmv2] [T] [thread 9852] [5.0] [cxt 0] Updated counter 'MyIngress.port_ingress_counter' at index 3
[06:22:26.960] [bmv2] [T] [thread 9852] [5.0] [cxt 0] p4src/ecmp.p4(90) Condition "hdr.ipv4.isValid()" (node_4) is false
[06:22:26.960] [bmv2] [D] [thread 9852] [5.0] [cxt 0] Pipeline 'ingress': end
[06:22:26.960] [bmv2] [D] [thread 9852] [5.0] [cxt 0] Egress port is 0
[06:22:26.960] [bmv2] [D] [thread 9853] [5.0] [cxt 0] Pipeline 'egress': start
[06:22:26.960] [bmv2] [T] [thread 9853] [5.0] [cxt 0] p4src/ecmp.p4(113) Condition "standard_metadata.egress_port < 6" (node_9) is true
[06:22:26.960] [bmv2] [T] [thread 9853] [5.0] [cxt 0] Applying table 'tbl_ecmp114'
[06:22:26.960] [bmv2] [D] [thread 9853] [5.0] [cxt 0] Looking up key:

[06:22:26.960] [bmv2] [D] [thread 9853] [5.0] [cxt 0] Table 'tbl_ecmp114': miss
[06:22:26.960] [bmv2] [D] [thread 9853] [5.0] [cxt 0] Action entry is ecmp114 - 
[06:22:26.960] [bmv2] [T] [thread 9853] [5.0] [cxt 0] Action ecmp114
[06:22:26.960] [bmv2] [T] [thread 9853] [5.0] [cxt 0] p4src/ecmp.p4(114) Primitive (bit<32>)standard_metadata.egress_port
[06:22:26.960] [bmv2] [T] [thread 9853] [5.0] [cxt 0] p4src/ecmp.p4(114) Primitive port_egress_counter.count((bit<32>)standard_metadata.egress_port)
[06:22:26.960] [bmv2] [T] [thread 9853] [5.0] [cxt 0] Updated counter 'MyEgress.port_egress_counter' at index 0
[06:22:26.960] [bmv2] [D] [thread 9853] [5.0] [cxt 0] Pipeline 'egress': end
[06:22:26.960] [bmv2] [D] [thread 9853] [5.0] [cxt 0] Deparser 'deparser': start
[06:22:26.960] [bmv2] [T] [thread 9853] [5.0] [cxt 0] Skipping checksum 'cksum' update because condition not met
[06:22:26.960] [bmv2] [D] [thread 9853] [5.0] [cxt 0] Deparsing header 'ethernet'
[06:22:26.960] [bmv2] [D] [thread 9853] [5.0] [cxt 0] Deparser 'deparser': end
[06:22:26.960] [bmv2] [D] [thread 9857] [5.0] [cxt 0] Transmitting packet of size 70 out of port 0
[06:22:44.211] [bmv2] [T] [thread 9979] bm_get_config
[06:22:44.212] [bmv2] [T] [thread 9979] bm_mt_get_entries
[06:22:44.212] [bmv2] [T] [thread 9979] bm_mt_get_entries
[06:22:44.220] [bmv2] [T] [thread 9979] bm_reset_state
[06:22:44.221] [bmv2] [D] [thread 9979] Resetting simple_switch target-specific state
[06:22:44.221] [bmv2] [D] [thread 9979] resetting PRE state
[06:22:44.225] [bmv2] [T] [thread 9979] bm_set_default_action
[06:22:44.225] [bmv2] [D] [thread 9979] Set default entry for table 'MyIngress.ipv4_lpm': MyIngress.drop - 
[06:22:44.225] [bmv2] [T] [thread 9979] bm_set_default_action
[06:22:44.226] [bmv2] [D] [thread 9979] Set default entry for table 'MyIngress.ecmp_group_to_nhop': MyIngress.drop - 
[06:22:44.236] [bmv2] [T] [thread 9979] bm_table_add_entry
[06:22:44.236] [bmv2] [D] [thread 9979] Entry 0 added to table 'MyIngress.ecmp_group_to_nhop'
[06:22:44.236] [bmv2] [D] [thread 9979] Dumping entry 0
Match key:
* meta.ecmp_group_id  : EXACT     0001
* meta.ecmp_hash      : EXACT     0000
Action entry: MyIngress.set_nhop - ce3cc63e2425,2,

[06:22:44.236] [bmv2] [T] [thread 9979] bm_table_add_entry
[06:22:44.237] [bmv2] [D] [thread 9979] Entry 1 added to table 'MyIngress.ecmp_group_to_nhop'
[06:22:44.237] [bmv2] [D] [thread 9979] Dumping entry 1
Match key:
* meta.ecmp_group_id  : EXACT     0001
* meta.ecmp_hash      : EXACT     0001
Action entry: MyIngress.set_nhop - a28f15e7f34a,3,

[06:22:44.237] [bmv2] [T] [thread 9979] bm_table_add_entry
[06:22:44.237] [bmv2] [D] [thread 9979] Entry 2 added to table 'MyIngress.ecmp_group_to_nhop'
[06:22:44.238] [bmv2] [D] [thread 9979] Dumping entry 2
Match key:
* meta.ecmp_group_id  : EXACT     0001
* meta.ecmp_hash      : EXACT     0002
Action entry: MyIngress.set_nhop - 42bcc0d14d9e,5,

[06:22:44.238] [bmv2] [T] [thread 9979] bm_table_add_entry
[06:22:44.238] [bmv2] [D] [thread 9979] Entry 3 added to table 'MyIngress.ecmp_group_to_nhop'
[06:22:44.238] [bmv2] [D] [thread 9979] Dumping entry 3
Match key:
* meta.ecmp_group_id  : EXACT     0001
* meta.ecmp_hash      : EXACT     0003
Action entry: MyIngress.set_nhop - 9a17fdcf2bd6,4,

[06:22:44.239] [bmv2] [T] [thread 9979] bm_table_add_entry
[06:22:44.239] [bmv2] [D] [thread 9979] Entry 0 added to table 'MyIngress.ipv4_lpm'
[06:22:44.239] [bmv2] [D] [thread 9979] Dumping entry 0
Match key:
* hdr.ipv4.dstAddr    : LPM       0a000101/24
Action entry: MyIngress.ecmp_group - 1,4,

[06:22:44.239] [bmv2] [T] [thread 9979] bm_table_add_entry
[06:22:44.240] [bmv2] [D] [thread 9979] Entry 1 added to table 'MyIngress.ipv4_lpm'
[06:22:44.240] [bmv2] [D] [thread 9979] Dumping entry 1
Match key:
* hdr.ipv4.dstAddr    : LPM       0a000602/32
Action entry: MyIngress.set_nhop - a000602,1,

[06:23:00.125] [bmv2] [D] [thread 9852] [6.0] [cxt 0] Processing packet received on port 4
[06:23:00.125] [bmv2] [D] [thread 9852] [6.0] [cxt 0] Parser 'parser': start
[06:23:00.125] [bmv2] [D] [thread 9852] [6.0] [cxt 0] Parser 'parser' entering state 'start'
[06:23:00.125] [bmv2] [D] [thread 9852] [6.0] [cxt 0] Extracting header 'ethernet'
[06:23:00.125] [bmv2] [D] [thread 9852] [6.0] [cxt 0] Parser state 'start': key is 0800
[06:23:00.125] [bmv2] [T] [thread 9852] [6.0] [cxt 0] Bytes parsed: 14
[06:23:00.125] [bmv2] [D] [thread 9852] [6.0] [cxt 0] Parser 'parser' entering state 'parse_ipv4'
[06:23:00.125] [bmv2] [D] [thread 9852] [6.0] [cxt 0] Extracting header 'ipv4'
[06:23:00.125] [bmv2] [D] [thread 9852] [6.0] [cxt 0] Parser state 'parse_ipv4': key is 01
[06:23:00.125] [bmv2] [T] [thread 9852] [6.0] [cxt 0] Bytes parsed: 34
[06:23:00.125] [bmv2] [D] [thread 9852] [6.0] [cxt 0] Parser 'parser': end
[06:23:00.125] [bmv2] [D] [thread 9852] [6.0] [cxt 0] Pipeline 'ingress': start
[06:23:00.125] [bmv2] [T] [thread 9852] [6.0] [cxt 0] p4src/ecmp.p4(86) Condition "standard_metadata.ingress_port < 6" (node_2) is true
[06:23:00.125] [bmv2] [T] [thread 9852] [6.0] [cxt 0] Applying table 'tbl_ecmp87'
[06:23:00.125] [bmv2] [D] [thread 9852] [6.0] [cxt 0] Looking up key:

[06:23:00.125] [bmv2] [D] [thread 9852] [6.0] [cxt 0] Table 'tbl_ecmp87': miss
[06:23:00.125] [bmv2] [D] [thread 9852] [6.0] [cxt 0] Action entry is ecmp87 - 
[06:23:00.125] [bmv2] [T] [thread 9852] [6.0] [cxt 0] Action ecmp87
[06:23:00.125] [bmv2] [T] [thread 9852] [6.0] [cxt 0] p4src/ecmp.p4(87) Primitive (bit<32>)standard_metadata.ingress_port
[06:23:00.125] [bmv2] [T] [thread 9852] [6.0] [cxt 0] p4src/ecmp.p4(87) Primitive port_ingress_counter.count((bit<32>)standard_metadata.ingress_port)
[06:23:00.125] [bmv2] [T] [thread 9852] [6.0] [cxt 0] Updated counter 'MyIngress.port_ingress_counter' at index 4
[06:23:00.125] [bmv2] [T] [thread 9852] [6.0] [cxt 0] p4src/ecmp.p4(90) Condition "hdr.ipv4.isValid()" (node_4) is true
[06:23:00.125] [bmv2] [T] [thread 9852] [6.0] [cxt 0] Applying table 'MyIngress.ipv4_lpm'
[06:23:00.125] [bmv2] [D] [thread 9852] [6.0] [cxt 0] Looking up key:
* hdr.ipv4.dstAddr    : 0a000602

[06:23:00.126] [bmv2] [D] [thread 9852] [6.0] [cxt 0] Table 'MyIngress.ipv4_lpm': hit with handle 1
[06:23:00.126] [bmv2] [D] [thread 9852] [6.0] [cxt 0] Dumping entry 1
Match key:
* hdr.ipv4.dstAddr    : LPM       0a000602/32
Action entry: MyIngress.set_nhop - a000602,1,

[06:23:00.126] [bmv2] [D] [thread 9852] [6.0] [cxt 0] Action entry is MyIngress.set_nhop - a000602,1,
[06:23:00.126] [bmv2] [T] [thread 9852] [6.0] [cxt 0] Action MyIngress.set_nhop
[06:23:00.126] [bmv2] [T] [thread 9852] [6.0] [cxt 0] p4src/ecmp.p4(48) Primitive hdr.ethernet.srcAddr = hdr.ethernet.dstAddr
[06:23:00.126] [bmv2] [T] [thread 9852] [6.0] [cxt 0] p4src/ecmp.p4(50) Primitive hdr.ethernet.dstAddr = dstAddr
[06:23:00.126] [bmv2] [T] [thread 9852] [6.0] [cxt 0] p4src/ecmp.p4(53) Primitive standard_metadata.egress_spec = port
[06:23:00.126] [bmv2] [T] [thread 9852] [6.0] [cxt 0] p4src/ecmp.p4(56) Primitive hdr.ipv4.ttl = hdr.ipv4.ttl - 1
[06:23:00.126] [bmv2] [D] [thread 9852] [6.0] [cxt 0] Pipeline 'ingress': end
[06:23:00.126] [bmv2] [D] [thread 9852] [6.0] [cxt 0] Egress port is 1
[06:23:00.126] [bmv2] [D] [thread 9854] [6.0] [cxt 0] Pipeline 'egress': start
[06:23:00.126] [bmv2] [T] [thread 9854] [6.0] [cxt 0] p4src/ecmp.p4(113) Condition "standard_metadata.egress_port < 6" (node_9) is true
[06:23:00.126] [bmv2] [T] [thread 9854] [6.0] [cxt 0] Applying table 'tbl_ecmp114'
[06:23:00.126] [bmv2] [D] [thread 9854] [6.0] [cxt 0] Looking up key:

[06:23:00.126] [bmv2] [D] [thread 9854] [6.0] [cxt 0] Table 'tbl_ecmp114': miss
[06:23:00.126] [bmv2] [D] [thread 9854] [6.0] [cxt 0] Action entry is ecmp114 - 
[06:23:00.126] [bmv2] [T] [thread 9854] [6.0] [cxt 0] Action ecmp114
[06:23:00.126] [bmv2] [T] [thread 9854] [6.0] [cxt 0] p4src/ecmp.p4(114) Primitive (bit<32>)standard_metadata.egress_port
[06:23:00.126] [bmv2] [T] [thread 9854] [6.0] [cxt 0] p4src/ecmp.p4(114) Primitive port_egress_counter.count((bit<32>)standard_metadata.egress_port)
[06:23:00.126] [bmv2] [T] [thread 9854] [6.0] [cxt 0] Updated counter 'MyEgress.port_egress_counter' at index 1
[06:23:00.126] [bmv2] [D] [thread 9854] [6.0] [cxt 0] Pipeline 'egress': end
[06:23:00.126] [bmv2] [D] [thread 9854] [6.0] [cxt 0] Deparser 'deparser': start
[06:23:00.126] [bmv2] [D] [thread 9854] [6.0] [cxt 0] Updating checksum 'cksum'
[06:23:00.126] [bmv2] [D] [thread 9854] [6.0] [cxt 0] Deparsing header 'ethernet'
[06:23:00.126] [bmv2] [D] [thread 9854] [6.0] [cxt 0] Deparsing header 'ipv4'
[06:23:00.126] [bmv2] [D] [thread 9854] [6.0] [cxt 0] Deparser 'deparser': end
[06:23:00.126] [bmv2] [D] [thread 9857] [6.0] [cxt 0] Transmitting packet of size 98 out of port 1
[06:23:00.126] [bmv2] [D] [thread 9852] [7.0] [cxt 0] Processing packet received on port 1
[06:23:00.126] [bmv2] [D] [thread 9852] [7.0] [cxt 0] Parser 'parser': start
[06:23:00.126] [bmv2] [D] [thread 9852] [7.0] [cxt 0] Parser 'parser' entering state 'start'
[06:23:00.126] [bmv2] [D] [thread 9852] [7.0] [cxt 0] Extracting header 'ethernet'
[06:23:00.126] [bmv2] [D] [thread 9852] [7.0] [cxt 0] Parser state 'start': key is 0800
[06:23:00.126] [bmv2] [T] [thread 9852] [7.0] [cxt 0] Bytes parsed: 14
[06:23:00.126] [bmv2] [D] [thread 9852] [7.0] [cxt 0] Parser 'parser' entering state 'parse_ipv4'
[06:23:00.126] [bmv2] [D] [thread 9852] [7.0] [cxt 0] Extracting header 'ipv4'
[06:23:00.126] [bmv2] [D] [thread 9852] [7.0] [cxt 0] Parser state 'parse_ipv4': key is 01
[06:23:00.126] [bmv2] [T] [thread 9852] [7.0] [cxt 0] Bytes parsed: 34
[06:23:00.126] [bmv2] [D] [thread 9852] [7.0] [cxt 0] Parser 'parser': end
[06:23:00.126] [bmv2] [D] [thread 9852] [7.0] [cxt 0] Pipeline 'ingress': start
[06:23:00.126] [bmv2] [T] [thread 9852] [7.0] [cxt 0] p4src/ecmp.p4(86) Condition "standard_metadata.ingress_port < 6" (node_2) is true
[06:23:00.126] [bmv2] [T] [thread 9852] [7.0] [cxt 0] Applying table 'tbl_ecmp87'
[06:23:00.126] [bmv2] [D] [thread 9852] [7.0] [cxt 0] Looking up key:

[06:23:00.126] [bmv2] [D] [thread 9852] [7.0] [cxt 0] Table 'tbl_ecmp87': miss
[06:23:00.126] [bmv2] [D] [thread 9852] [7.0] [cxt 0] Action entry is ecmp87 - 
[06:23:00.126] [bmv2] [T] [thread 9852] [7.0] [cxt 0] Action ecmp87
[06:23:00.126] [bmv2] [T] [thread 9852] [7.0] [cxt 0] p4src/ecmp.p4(87) Primitive (bit<32>)standard_metadata.ingress_port
[06:23:00.126] [bmv2] [T] [thread 9852] [7.0] [cxt 0] p4src/ecmp.p4(87) Primitive port_ingress_counter.count((bit<32>)standard_metadata.ingress_port)
[06:23:00.126] [bmv2] [T] [thread 9852] [7.0] [cxt 0] Updated counter 'MyIngress.port_ingress_counter' at index 1
[06:23:00.126] [bmv2] [T] [thread 9852] [7.0] [cxt 0] p4src/ecmp.p4(90) Condition "hdr.ipv4.isValid()" (node_4) is true
[06:23:00.126] [bmv2] [T] [thread 9852] [7.0] [cxt 0] Applying table 'MyIngress.ipv4_lpm'
[06:23:00.126] [bmv2] [D] [thread 9852] [7.0] [cxt 0] Looking up key:
* hdr.ipv4.dstAddr    : 0a000101

[06:23:00.126] [bmv2] [D] [thread 9852] [7.0] [cxt 0] Table 'MyIngress.ipv4_lpm': hit with handle 0
[06:23:00.126] [bmv2] [D] [thread 9852] [7.0] [cxt 0] Dumping entry 0
Match key:
* hdr.ipv4.dstAddr    : LPM       0a000101/24
Action entry: MyIngress.ecmp_group - 1,4,

[06:23:00.126] [bmv2] [D] [thread 9852] [7.0] [cxt 0] Action entry is MyIngress.ecmp_group - 1,4,
[06:23:00.126] [bmv2] [T] [thread 9852] [7.0] [cxt 0] Action MyIngress.ecmp_group
[06:23:00.126] [bmv2] [T] [thread 9852] [7.0] [cxt 0] p4src/ecmp.p4(33) Primitive hash(meta.ecmp_hash, ...
[06:23:00.126] [bmv2] [T] [thread 9852] [7.0] [cxt 0] hash(base=0, max=4) = 0
[06:23:00.126] [bmv2] [T] [thread 9852] [7.0] [cxt 0] p4src/ecmp.p4(43) Primitive meta.ecmp_group_id = ecmp_group_id
[06:23:00.126] [bmv2] [T] [thread 9852] [7.0] [cxt 0] Applying table 'MyIngress.ecmp_group_to_nhop'
[06:23:00.126] [bmv2] [D] [thread 9852] [7.0] [cxt 0] Looking up key:
* meta.ecmp_group_id  : 0001
* meta.ecmp_hash      : 0000

[06:23:00.126] [bmv2] [D] [thread 9852] [7.0] [cxt 0] Table 'MyIngress.ecmp_group_to_nhop': hit with handle 0
[06:23:00.126] [bmv2] [D] [thread 9852] [7.0] [cxt 0] Dumping entry 0
Match key:
* meta.ecmp_group_id  : EXACT     0001
* meta.ecmp_hash      : EXACT     0000
Action entry: MyIngress.set_nhop - ce3cc63e2425,2,

[06:23:00.126] [bmv2] [D] [thread 9852] [7.0] [cxt 0] Action entry is MyIngress.set_nhop - ce3cc63e2425,2,
[06:23:00.126] [bmv2] [T] [thread 9852] [7.0] [cxt 0] Action MyIngress.set_nhop
[06:23:00.126] [bmv2] [T] [thread 9852] [7.0] [cxt 0] p4src/ecmp.p4(48) Primitive hdr.ethernet.srcAddr = hdr.ethernet.dstAddr
[06:23:00.126] [bmv2] [T] [thread 9852] [7.0] [cxt 0] p4src/ecmp.p4(50) Primitive hdr.ethernet.dstAddr = dstAddr
[06:23:00.126] [bmv2] [T] [thread 9852] [7.0] [cxt 0] p4src/ecmp.p4(53) Primitive standard_metadata.egress_spec = port
[06:23:00.126] [bmv2] [T] [thread 9852] [7.0] [cxt 0] p4src/ecmp.p4(56) Primitive hdr.ipv4.ttl = hdr.ipv4.ttl - 1
[06:23:00.126] [bmv2] [D] [thread 9852] [7.0] [cxt 0] Pipeline 'ingress': end
[06:23:00.126] [bmv2] [D] [thread 9852] [7.0] [cxt 0] Egress port is 2
[06:23:00.126] [bmv2] [D] [thread 9855] [7.0] [cxt 0] Pipeline 'egress': start
[06:23:00.126] [bmv2] [T] [thread 9855] [7.0] [cxt 0] p4src/ecmp.p4(113) Condition "standard_metadata.egress_port < 6" (node_9) is true
[06:23:00.126] [bmv2] [T] [thread 9855] [7.0] [cxt 0] Applying table 'tbl_ecmp114'
[06:23:00.126] [bmv2] [D] [thread 9855] [7.0] [cxt 0] Looking up key:

[06:23:00.126] [bmv2] [D] [thread 9855] [7.0] [cxt 0] Table 'tbl_ecmp114': miss
[06:23:00.126] [bmv2] [D] [thread 9855] [7.0] [cxt 0] Action entry is ecmp114 - 
[06:23:00.126] [bmv2] [T] [thread 9855] [7.0] [cxt 0] Action ecmp114
[06:23:00.126] [bmv2] [T] [thread 9855] [7.0] [cxt 0] p4src/ecmp.p4(114) Primitive (bit<32>)standard_metadata.egress_port
[06:23:00.126] [bmv2] [T] [thread 9855] [7.0] [cxt 0] p4src/ecmp.p4(114) Primitive port_egress_counter.count((bit<32>)standard_metadata.egress_port)
[06:23:00.126] [bmv2] [T] [thread 9855] [7.0] [cxt 0] Updated counter 'MyEgress.port_egress_counter' at index 2
[06:23:00.126] [bmv2] [D] [thread 9855] [7.0] [cxt 0] Pipeline 'egress': end
[06:23:00.127] [bmv2] [D] [thread 9855] [7.0] [cxt 0] Deparser 'deparser': start
[06:23:00.127] [bmv2] [D] [thread 9855] [7.0] [cxt 0] Updating checksum 'cksum'
[06:23:00.127] [bmv2] [D] [thread 9855] [7.0] [cxt 0] Deparsing header 'ethernet'
[06:23:00.127] [bmv2] [D] [thread 9855] [7.0] [cxt 0] Deparsing header 'ipv4'
[06:23:00.127] [bmv2] [D] [thread 9855] [7.0] [cxt 0] Deparser 'deparser': end
[06:23:00.127] [bmv2] [D] [thread 9857] [7.0] [cxt 0] Transmitting packet of size 98 out of port 2
[06:23:00.130] [bmv2] [D] [thread 9852] [8.0] [cxt 0] Processing packet received on port 1
[06:23:00.130] [bmv2] [D] [thread 9852] [8.0] [cxt 0] Parser 'parser': start
[06:23:00.130] [bmv2] [D] [thread 9852] [8.0] [cxt 0] Parser 'parser' entering state 'start'
[06:23:00.130] [bmv2] [D] [thread 9852] [8.0] [cxt 0] Extracting header 'ethernet'
[06:23:00.130] [bmv2] [D] [thread 9852] [8.0] [cxt 0] Parser state 'start': key is 0800
[06:23:00.130] [bmv2] [T] [thread 9852] [8.0] [cxt 0] Bytes parsed: 14
[06:23:00.130] [bmv2] [D] [thread 9852] [8.0] [cxt 0] Parser 'parser' entering state 'parse_ipv4'
[06:23:00.130] [bmv2] [D] [thread 9852] [8.0] [cxt 0] Extracting header 'ipv4'
[06:23:00.130] [bmv2] [D] [thread 9852] [8.0] [cxt 0] Parser state 'parse_ipv4': key is 01
[06:23:00.130] [bmv2] [T] [thread 9852] [8.0] [cxt 0] Bytes parsed: 34
[06:23:00.130] [bmv2] [D] [thread 9852] [8.0] [cxt 0] Parser 'parser': end
[06:23:00.130] [bmv2] [D] [thread 9852] [8.0] [cxt 0] Pipeline 'ingress': start
[06:23:00.130] [bmv2] [T] [thread 9852] [8.0] [cxt 0] p4src/ecmp.p4(86) Condition "standard_metadata.ingress_port < 6" (node_2) is true
[06:23:00.130] [bmv2] [T] [thread 9852] [8.0] [cxt 0] Applying table 'tbl_ecmp87'
[06:23:00.130] [bmv2] [D] [thread 9852] [8.0] [cxt 0] Looking up key:

[06:23:00.130] [bmv2] [D] [thread 9852] [8.0] [cxt 0] Table 'tbl_ecmp87': miss
[06:23:00.130] [bmv2] [D] [thread 9852] [8.0] [cxt 0] Action entry is ecmp87 - 
[06:23:00.130] [bmv2] [T] [thread 9852] [8.0] [cxt 0] Action ecmp87
[06:23:00.130] [bmv2] [T] [thread 9852] [8.0] [cxt 0] p4src/ecmp.p4(87) Primitive (bit<32>)standard_metadata.ingress_port
[06:23:00.130] [bmv2] [T] [thread 9852] [8.0] [cxt 0] p4src/ecmp.p4(87) Primitive port_ingress_counter.count((bit<32>)standard_metadata.ingress_port)
[06:23:00.130] [bmv2] [T] [thread 9852] [8.0] [cxt 0] Updated counter 'MyIngress.port_ingress_counter' at index 1
[06:23:00.130] [bmv2] [T] [thread 9852] [8.0] [cxt 0] p4src/ecmp.p4(90) Condition "hdr.ipv4.isValid()" (node_4) is true
[06:23:00.130] [bmv2] [T] [thread 9852] [8.0] [cxt 0] Applying table 'MyIngress.ipv4_lpm'
[06:23:00.130] [bmv2] [D] [thread 9852] [8.0] [cxt 0] Looking up key:
* hdr.ipv4.dstAddr    : 0a000101

[06:23:00.130] [bmv2] [D] [thread 9852] [8.0] [cxt 0] Table 'MyIngress.ipv4_lpm': hit with handle 0
[06:23:00.130] [bmv2] [D] [thread 9852] [8.0] [cxt 0] Dumping entry 0
Match key:
* hdr.ipv4.dstAddr    : LPM       0a000101/24
Action entry: MyIngress.ecmp_group - 1,4,

[06:23:00.130] [bmv2] [D] [thread 9852] [8.0] [cxt 0] Action entry is MyIngress.ecmp_group - 1,4,
[06:23:00.130] [bmv2] [T] [thread 9852] [8.0] [cxt 0] Action MyIngress.ecmp_group
[06:23:00.130] [bmv2] [T] [thread 9852] [8.0] [cxt 0] p4src/ecmp.p4(33) Primitive hash(meta.ecmp_hash, ...
[06:23:00.130] [bmv2] [T] [thread 9852] [8.0] [cxt 0] hash(base=0, max=4) = 0
[06:23:00.130] [bmv2] [T] [thread 9852] [8.0] [cxt 0] p4src/ecmp.p4(43) Primitive meta.ecmp_group_id = ecmp_group_id
[06:23:00.130] [bmv2] [T] [thread 9852] [8.0] [cxt 0] Applying table 'MyIngress.ecmp_group_to_nhop'
[06:23:00.130] [bmv2] [D] [thread 9852] [8.0] [cxt 0] Looking up key:
* meta.ecmp_group_id  : 0001
* meta.ecmp_hash      : 0000

[06:23:00.130] [bmv2] [D] [thread 9852] [8.0] [cxt 0] Table 'MyIngress.ecmp_group_to_nhop': hit with handle 0
[06:23:00.130] [bmv2] [D] [thread 9852] [8.0] [cxt 0] Dumping entry 0
Match key:
* meta.ecmp_group_id  : EXACT     0001
* meta.ecmp_hash      : EXACT     0000
Action entry: MyIngress.set_nhop - ce3cc63e2425,2,

[06:23:00.130] [bmv2] [D] [thread 9852] [8.0] [cxt 0] Action entry is MyIngress.set_nhop - ce3cc63e2425,2,
[06:23:00.130] [bmv2] [T] [thread 9852] [8.0] [cxt 0] Action MyIngress.set_nhop
[06:23:00.130] [bmv2] [T] [thread 9852] [8.0] [cxt 0] p4src/ecmp.p4(48) Primitive hdr.ethernet.srcAddr = hdr.ethernet.dstAddr
[06:23:00.130] [bmv2] [T] [thread 9852] [8.0] [cxt 0] p4src/ecmp.p4(50) Primitive hdr.ethernet.dstAddr = dstAddr
[06:23:00.130] [bmv2] [T] [thread 9852] [8.0] [cxt 0] p4src/ecmp.p4(53) Primitive standard_metadata.egress_spec = port
[06:23:00.130] [bmv2] [T] [thread 9852] [8.0] [cxt 0] p4src/ecmp.p4(56) Primitive hdr.ipv4.ttl = hdr.ipv4.ttl - 1
[06:23:00.130] [bmv2] [D] [thread 9852] [8.0] [cxt 0] Pipeline 'ingress': end
[06:23:00.130] [bmv2] [D] [thread 9852] [8.0] [cxt 0] Egress port is 2
[06:23:00.130] [bmv2] [D] [thread 9855] [8.0] [cxt 0] Pipeline 'egress': start
[06:23:00.130] [bmv2] [T] [thread 9855] [8.0] [cxt 0] p4src/ecmp.p4(113) Condition "standard_metadata.egress_port < 6" (node_9) is true
[06:23:00.130] [bmv2] [T] [thread 9855] [8.0] [cxt 0] Applying table 'tbl_ecmp114'
[06:23:00.130] [bmv2] [D] [thread 9855] [8.0] [cxt 0] Looking up key:

[06:23:00.130] [bmv2] [D] [thread 9855] [8.0] [cxt 0] Table 'tbl_ecmp114': miss
[06:23:00.130] [bmv2] [D] [thread 9855] [8.0] [cxt 0] Action entry is ecmp114 - 
[06:23:00.130] [bmv2] [T] [thread 9855] [8.0] [cxt 0] Action ecmp114
[06:23:00.130] [bmv2] [T] [thread 9855] [8.0] [cxt 0] p4src/ecmp.p4(114) Primitive (bit<32>)standard_metadata.egress_port
[06:23:00.130] [bmv2] [T] [thread 9855] [8.0] [cxt 0] p4src/ecmp.p4(114) Primitive port_egress_counter.count((bit<32>)standard_metadata.egress_port)
[06:23:00.130] [bmv2] [T] [thread 9855] [8.0] [cxt 0] Updated counter 'MyEgress.port_egress_counter' at index 2
[06:23:00.130] [bmv2] [D] [thread 9855] [8.0] [cxt 0] Pipeline 'egress': end
[06:23:00.130] [bmv2] [D] [thread 9855] [8.0] [cxt 0] Deparser 'deparser': start
[06:23:00.130] [bmv2] [D] [thread 9855] [8.0] [cxt 0] Updating checksum 'cksum'
[06:23:00.130] [bmv2] [D] [thread 9855] [8.0] [cxt 0] Deparsing header 'ethernet'
[06:23:00.130] [bmv2] [D] [thread 9855] [8.0] [cxt 0] Deparsing header 'ipv4'
[06:23:00.130] [bmv2] [D] [thread 9855] [8.0] [cxt 0] Deparser 'deparser': end
[06:23:00.130] [bmv2] [D] [thread 9857] [8.0] [cxt 0] Transmitting packet of size 98 out of port 2
[06:23:00.133] [bmv2] [D] [thread 9852] [9.0] [cxt 0] Processing packet received on port 4
[06:23:00.133] [bmv2] [D] [thread 9852] [9.0] [cxt 0] Parser 'parser': start
[06:23:00.133] [bmv2] [D] [thread 9852] [9.0] [cxt 0] Parser 'parser' entering state 'start'
[06:23:00.133] [bmv2] [D] [thread 9852] [9.0] [cxt 0] Extracting header 'ethernet'
[06:23:00.133] [bmv2] [D] [thread 9852] [9.0] [cxt 0] Parser state 'start': key is 0800
[06:23:00.133] [bmv2] [T] [thread 9852] [9.0] [cxt 0] Bytes parsed: 14
[06:23:00.133] [bmv2] [D] [thread 9852] [9.0] [cxt 0] Parser 'parser' entering state 'parse_ipv4'
[06:23:00.133] [bmv2] [D] [thread 9852] [9.0] [cxt 0] Extracting header 'ipv4'
[06:23:00.133] [bmv2] [D] [thread 9852] [9.0] [cxt 0] Parser state 'parse_ipv4': key is 01
[06:23:00.133] [bmv2] [T] [thread 9852] [9.0] [cxt 0] Bytes parsed: 34
[06:23:00.133] [bmv2] [D] [thread 9852] [9.0] [cxt 0] Parser 'parser': end
[06:23:00.133] [bmv2] [D] [thread 9852] [9.0] [cxt 0] Pipeline 'ingress': start
[06:23:00.133] [bmv2] [T] [thread 9852] [9.0] [cxt 0] p4src/ecmp.p4(86) Condition "standard_metadata.ingress_port < 6" (node_2) is true
[06:23:00.133] [bmv2] [T] [thread 9852] [9.0] [cxt 0] Applying table 'tbl_ecmp87'
[06:23:00.133] [bmv2] [D] [thread 9852] [9.0] [cxt 0] Looking up key:

[06:23:00.133] [bmv2] [D] [thread 9852] [9.0] [cxt 0] Table 'tbl_ecmp87': miss
[06:23:00.133] [bmv2] [D] [thread 9852] [9.0] [cxt 0] Action entry is ecmp87 - 
[06:23:00.133] [bmv2] [T] [thread 9852] [9.0] [cxt 0] Action ecmp87
[06:23:00.133] [bmv2] [T] [thread 9852] [9.0] [cxt 0] p4src/ecmp.p4(87) Primitive (bit<32>)standard_metadata.ingress_port
[06:23:00.133] [bmv2] [T] [thread 9852] [9.0] [cxt 0] p4src/ecmp.p4(87) Primitive port_ingress_counter.count((bit<32>)standard_metadata.ingress_port)
[06:23:00.133] [bmv2] [T] [thread 9852] [9.0] [cxt 0] Updated counter 'MyIngress.port_ingress_counter' at index 4
[06:23:00.133] [bmv2] [T] [thread 9852] [9.0] [cxt 0] p4src/ecmp.p4(90) Condition "hdr.ipv4.isValid()" (node_4) is true
[06:23:00.133] [bmv2] [T] [thread 9852] [9.0] [cxt 0] Applying table 'MyIngress.ipv4_lpm'
[06:23:00.133] [bmv2] [D] [thread 9852] [9.0] [cxt 0] Looking up key:
* hdr.ipv4.dstAddr    : 0a000602

[06:23:00.133] [bmv2] [D] [thread 9852] [9.0] [cxt 0] Table 'MyIngress.ipv4_lpm': hit with handle 1
[06:23:00.133] [bmv2] [D] [thread 9852] [9.0] [cxt 0] Dumping entry 1
Match key:
* hdr.ipv4.dstAddr    : LPM       0a000602/32
Action entry: MyIngress.set_nhop - a000602,1,

[06:23:00.133] [bmv2] [D] [thread 9852] [9.0] [cxt 0] Action entry is MyIngress.set_nhop - a000602,1,
[06:23:00.133] [bmv2] [T] [thread 9852] [9.0] [cxt 0] Action MyIngress.set_nhop
[06:23:00.133] [bmv2] [T] [thread 9852] [9.0] [cxt 0] p4src/ecmp.p4(48) Primitive hdr.ethernet.srcAddr = hdr.ethernet.dstAddr
[06:23:00.133] [bmv2] [T] [thread 9852] [9.0] [cxt 0] p4src/ecmp.p4(50) Primitive hdr.ethernet.dstAddr = dstAddr
[06:23:00.133] [bmv2] [T] [thread 9852] [9.0] [cxt 0] p4src/ecmp.p4(53) Primitive standard_metadata.egress_spec = port
[06:23:00.133] [bmv2] [T] [thread 9852] [9.0] [cxt 0] p4src/ecmp.p4(56) Primitive hdr.ipv4.ttl = hdr.ipv4.ttl - 1
[06:23:00.133] [bmv2] [D] [thread 9852] [9.0] [cxt 0] Pipeline 'ingress': end
[06:23:00.133] [bmv2] [D] [thread 9852] [9.0] [cxt 0] Egress port is 1
[06:23:00.133] [bmv2] [D] [thread 9854] [9.0] [cxt 0] Pipeline 'egress': start
[06:23:00.133] [bmv2] [T] [thread 9854] [9.0] [cxt 0] p4src/ecmp.p4(113) Condition "standard_metadata.egress_port < 6" (node_9) is true
[06:23:00.133] [bmv2] [T] [thread 9854] [9.0] [cxt 0] Applying table 'tbl_ecmp114'
[06:23:00.133] [bmv2] [D] [thread 9854] [9.0] [cxt 0] Looking up key:

[06:23:00.133] [bmv2] [D] [thread 9854] [9.0] [cxt 0] Table 'tbl_ecmp114': miss
[06:23:00.133] [bmv2] [D] [thread 9854] [9.0] [cxt 0] Action entry is ecmp114 - 
[06:23:00.133] [bmv2] [T] [thread 9854] [9.0] [cxt 0] Action ecmp114
[06:23:00.133] [bmv2] [T] [thread 9854] [9.0] [cxt 0] p4src/ecmp.p4(114) Primitive (bit<32>)standard_metadata.egress_port
[06:23:00.133] [bmv2] [T] [thread 9854] [9.0] [cxt 0] p4src/ecmp.p4(114) Primitive port_egress_counter.count((bit<32>)standard_metadata.egress_port)
[06:23:00.133] [bmv2] [T] [thread 9854] [9.0] [cxt 0] Updated counter 'MyEgress.port_egress_counter' at index 1
[06:23:00.133] [bmv2] [D] [thread 9854] [9.0] [cxt 0] Pipeline 'egress': end
[06:23:00.133] [bmv2] [D] [thread 9854] [9.0] [cxt 0] Deparser 'deparser': start
[06:23:00.133] [bmv2] [D] [thread 9854] [9.0] [cxt 0] Updating checksum 'cksum'
[06:23:00.133] [bmv2] [D] [thread 9854] [9.0] [cxt 0] Deparsing header 'ethernet'
[06:23:00.133] [bmv2] [D] [thread 9854] [9.0] [cxt 0] Deparsing header 'ipv4'
[06:23:00.133] [bmv2] [D] [thread 9854] [9.0] [cxt 0] Deparser 'deparser': end
[06:23:00.133] [bmv2] [D] [thread 9857] [9.0] [cxt 0] Transmitting packet of size 98 out of port 1
[06:35:25.417] [bmv2] [T] [thread 11441] bm_get_config
[06:36:10.265] [bmv2] [T] [thread 11441] bm_counter_read
[06:36:13.575] [bmv2] [T] [thread 11441] bm_counter_read
[06:36:15.417] [bmv2] [T] [thread 11441] bm_counter_read
[06:36:18.229] [bmv2] [T] [thread 11441] bm_counter_read
[06:36:21.101] [bmv2] [T] [thread 11441] bm_counter_read
[06:36:23.219] [bmv2] [T] [thread 11441] bm_counter_read
[06:36:39.094] [bmv2] [T] [thread 11441] bm_counter_read
[06:36:42.266] [bmv2] [T] [thread 11441] bm_counter_read
[06:36:46.313] [bmv2] [T] [thread 11441] bm_counter_read
[06:36:49.077] [bmv2] [T] [thread 11441] bm_counter_read
[06:36:51.287] [bmv2] [T] [thread 11441] bm_counter_read
[06:36:52.948] [bmv2] [T] [thread 11441] bm_counter_read
